ms1table
mask
reset masks and magics
rank file and diag masks
gen sliding attacks
attack bitmaps
evaluate masks
init hashtable with 2666666 entries
Main thread:thread 0 info score cp 8 depth 1 nodes 68 time 1 pv f1f2
thread 0 info score cp 6 depth 2 nodes 355 time 1 pv f1f2 e8c8
thread 0 info score cp 8 depth 3 nodes 2543 time 4 pv f1f2 e8e7 f3f7
thread 0 info score cp 8 depth 4 nodes 17442 time 29 pv f1f2 a8a7 f5e7 g7g6
thread 0 info score cp 7 depth 5 nodes 124541 time 175 pv f1f2 b8c7 f1d1 a8d8 f5g7
thread 0 info score cp 8 depth 6 nodes 351138 time 376 pv f1f2 g7h6 f3f7 a8d8 f2f1 b5e2
thread 0 info score cp 7 depth 7 nodes 1810000 time 1400 pv f1f2 b8c7 f3f7 e5h2 f3f7 e5b2 f3f7
thread 0 info score cp 7 depth 8 nodes 6036261 time 4419 pv f1f2 e8e7 h1d1 e8d8 g2f3 e5b2 b1b8 g8h7
thread 0 info score cp 7 depth 9 nodes 14236733 time 10326 pv f1f2 b8b7 f5d6 e5b2 f5g7 b2e5 g4f4 e7e4 g5h6
thread 0 info score cp 12 depth 10 nodes 20918296 time 15097 pv f5g7 g7h6 f3f7 a8a7 f5g7 b2a1 f5g7 e8e4 g5h6 e5b2
bestmove f5g7
Main thread:thread 0 info score cp -1 depth 1 nodes 32 time 0 pv d4b2
thread 0 info score cp -2 depth 2 nodes 170 time 0 pv d4b2 f7f5
thread 0 info score cp 0 depth 3 nodes 660 time 1 pv d4b2 f7f5 h1g1
thread 0 info score cp -2 depth 4 nodes 1944 time 1 pv d4b2 b6b5 a4a5 c7g3
thread 0 info score cp -2 depth 5 nodes 4314 time 3 pv d4b2 c7d6 h1g1 e4f3 a4b5
thread 0 info score cp -2 depth 6 nodes 10245 time 7 pv d4c3 b6b5 a4a5 c7g3 h2g3 d6g3
thread 0 info score cp -2 depth 7 nodes 28636 time 17 pv d4c3 b6b5 a4b5 c7d6 a4b5 f7f5 f4e5
thread 0 info score cp -2 depth 8 nodes 74345 time 46 pv d4b2 b6b5 a4b5 f7f5 f2g3 g3h2 h1g1 b6b5
thread 0 info score cp -1 depth 9 nodes 239675 time 147 pv d4e3 b6b5 a4a5 f7f5 a4b5 b5a4 a5b6 b6a5 e3h6
thread 0 info score cp 0 depth 10 nodes 480021 time 300 pv d4c3 b6b5 a4a5 f7f5 a4b5 c7d6 a1e5 e5g3 h3g3 g6h5
bestmove d4c3
Main thread:thread 0 info score cp 0 depth 1 nodes 87 time 0 pv f3f4
thread 0 info score cp -1 depth 2 nodes 698 time 0 pv f3f4 h8g8
thread 0 info score cp -1 depth 3 nodes 4407 time 3 pv f3f4 h8g8 g5f7
thread 0 info score cp 0 depth 4 nodes 20715 time 14 pv f3f4 h8g8 g5f7 h6g5
thread 0 info score cp -1 depth 5 nodes 145414 time 95 pv f3f4 c7b7 d3h7 f8d8 g5f7
thread 0 info score cp 0 depth 6 nodes 541911 time 368 pv e5e1 h8g8 h5e5 c6f3 h2g1 g7h6
thread 0 info score cp 0 depth 7 nodes 2898035 time 2006 pv f3f4 h8g8 g5f7 c7e5 b5c6 f8d8 g5f7
thread 0 info score cp 0 depth 8 nodes 7951330 time 5537 pv h1g1 h8g8 g5f7 f8d8 g5f7 c7e5 h5f7 g5h5
thread 0 info score cp -2 depth 9 nodes 30519133 time 21429 pv h1g1 a5b7 d3h7 b6c5 g5f7 c6b5 h5f7 h6g5 h1g1
thread 0 info score cp -1 depth 10 nodes 97691154 time 69082 pv h1g1 a5b7 g5f7 c6b7 b5c6 f6g5 h1g1 a5c4 h5a5 f3e2
bestmove h1g1
Main thread:thread 0 info score cp 23 depth 1 nodes 50 time 0 pv d2e1
thread 0 info score cp 29 depth 2 nodes 620 time 1 pv d2e1 a1b2
thread 0 info score cp 29 depth 3 nodes 2741 time 2 pv d2e1 a1b2 d3d2
thread 0 info score cp 32 depth 4 nodes 18201 time 13 pv d2e1 a2a4 d3d2 g2f1
thread 0 info score cp 33 depth 5 nodes 49552 time 36 pv d2e1 a2a7 d3d6 h4h5 h8g8
thread 0 info score cp 35 depth 6 nodes 214372 time 144 pv d2e1 a2a7 d3b5 h2g2 h8g8 a1e5
thread 0 info score cp 34 depth 7 nodes 756956 time 500 pv d2e1 a2a7 d3d6 a2d2 g3h4 b7b8q f2g3
thread 0 info score cp 37 depth 8 nodes 3588994 time 2306 pv d2e1 a2a7 d3d6 e1e4 b4e1 e1c1 d2b4 a1e5
thread 0 info score cp 36 depth 9 nodes 12029771 time 8044 pv d2e1 a2a7 d3g3 e1e5 d2b4 a2a6 e5f4 h4g5 d6d3
thread 0 info score cp 38 depth 10 nodes 46630770 time 31099 pv d2e1 a2a7 d3d6 e1e4 d3e2 a1e5 d3g3 a2g8 b4d6 a1e5
bestmove d2e1
Main thread:thread 0 info score cp 89 depth 1 nodes 25 time 0 pv d8f6
thread 0 info score cp 89 depth 2 nodes 113 time 0 pv c6f3 d1c1
thread 0 info score cp 95 depth 3 nodes 805 time 0 pv b5a4 d1c2 b4b3
thread 0 info score cp 88 depth 4 nodes 4447 time 2 pv c6f3 d1c2 c6e4 c2b2
thread 0 info score cp 87 depth 5 nodes 18717 time 8 pv c6d7 d1e2 c6e4 c2d1 e7f6
thread 0 info score cp 87 depth 6 nodes 126862 time 60 pv c6d7 d1c2 d8a5 e1e2 d8f6 d1c2
thread 0 info score cp 86 depth 7 nodes 532683 time 240 pv b5b4 d1e2 d7g4 e2d3 b5d3 d1c1 b5e2
thread 0 info score cp 86 depth 8 nodes 2813984 time 1312 pv b5a6 d1e2 c6b5 e2f3 d8f6 e2e1 d8g5 e3e2
thread 0 info score cp 86 depth 9 nodes 6461618 time 3159 pv b5a6 d1e2 d8g5 c2d1 d8h4 d2d1q d8f6 f3e2 d8g5
thread 0 info score cp 85 depth 10 nodes 12608179 time 6202 pv b5a6 d1e2 d8g5 c2d1 c5d4 d2d1q d8g5 d1d8 d8g5 d1d8
bestmove b5a6
Main thread:thread 0 info score cp 8 depth 1 nodes 128 time 0 pv d8d7
thread 0 info score cp 5 depth 2 nodes 452 time 0 pv h7h6 h5h6
thread 0 info score cp 5 depth 3 nodes 3043 time 2 pv d8d7 h5f5 b7c6
thread 0 info score cp 2 depth 4 nodes 17337 time 12 pv d8d7 h2h3 h8g8 f5d5
thread 0 info score cp 1 depth 5 nodes 78808 time 52 pv d8d7 h5f5 c6a5 c4d4 b7c6
thread 0 info score cp 1 depth 6 nodes 283975 time 198 pv d8d7 h2h3 g4g2 c4e4 b7c6 h7d7
thread 0 info score cp 1 depth 7 nodes 845756 time 579 pv d8d7 h2h3 g4g7 c4e4 b7c6 h7c7 g4e4
thread 0 info score cp 0 depth 8 nodes 3371390 time 2422 pv d8d7 h5f5 c6a5 h3g4 b7c6 h6c6 d8d1 b4c5
thread 0 info score cp 1 depth 9 nodes 6665876 time 4890 pv d8d7 h2h3 b8a7 c4d4 a5c4 c4a4 b7b5 g1c5 g4e4
thread 0 info score cp 2 depth 10 nodes 18763702 time 14120 pv e4e3 c4g4 d8d1 e1d1 b7c6 c4a4 b8c8 a5b6 b8c8 e3f2
bestmove e4e3
Main thread:thread 0 info score cp -8 depth 1 nodes 60 time 0 pv c6c2
thread 0 info score cp -10 depth 2 nodes 528 time 1 pv b6c4 h6g5
thread 0 info score cp -10 depth 3 nodes 3703 time 3 pv c6c8 h6g5 e7e2
thread 0 info score cp -10 depth 4 nodes 15367 time 11 pv c6c2 h6g5 e7e3 g1f1
thread 0 info score cp -9 depth 5 nodes 41268 time 30 pv c6c2 h6g5 e6a2 d4d8 e8c6
thread 0 info score cp 0 depth 6 nodes 193529 time 145 pv c6d6 d4d6 e7e3 g1f1 e3f3 d6b6
thread 0 info score cp 0 depth 7 nodes 603560 time 452 pv c6d6 d4d6 e7e3 g1f1 e3f3 g3f4 b6c4
thread 0 info score cp 0 depth 8 nodes 1726265 time 1294 pv c6d6 d4d6 e7e3 g1f1 e3f3 e3b6 c6c4 h6f8
thread 0 info score cp 0 depth 9 nodes 2250500 time 1685 pv c6d6 d4d6 e7e3 g1f1 e3f3 g1f2 g8f7 b2a3 d7h3
thread 0 info score cp 0 depth 10 nodes 5285834 time 3910 pv c6d6 d4d6 e7e3 g1f1 e3f3 e3b6 g8f7 e3c5 a7b6 d4a4
bestmove c6d6
Main thread:thread 0 info score cp 1 depth 1 nodes 136 time 0 pv c4e6
thread 0 info score cp 1 depth 2 nodes 565 time 0 pv c4e6 c8c7
thread 0 info score cp 0 depth 3 nodes 3481 time 2 pv c4e6 c8b8 c4e6
thread 0 info score cp 0 depth 4 nodes 14441 time 10 pv d6d8 c8d8 g1c5 c6e4
thread 0 info score cp 1 depth 5 nodes 52108 time 37 pv c4e6 c8c7 d6d8 e8d8 c4e6
thread 0 info score cp 1 depth 6 nodes 141160 time 103 pv c4e6 c8c7 d6d8 e8d8 c4e6 a4d7
thread 0 info score cp 1 depth 7 nodes 609871 time 441 pv c4e6 c8c7 d6d8 e8d8 c4e6 a4d7 a1a4
thread 0 info score cp 0 depth 8 nodes 1320429 time 953 pv d6e6 e8e6 c4e6 c8c7 b3e6 a4d7 a1a4 b5a4
thread 0 info score cp 0 depth 9 nodes 3941103 time 2856 pv d6e6 c6e4 g1c5 e4g2 c5b6 c6a4 f2c5 h6g4 g1c5
thread 0 info score cp 0 depth 10 nodes 16789302 time 12117 pv d6e6 e8e6 c4e6 d8e8 f4g5 c6e4 c4e6 e4g2 c5d6 h6g4
bestmove d6e6
Main thread:thread 0 info score cp -3 depth 1 nodes 210 time 0 pv a8f8
thread 0 info score cp -2 depth 2 nodes 429 time 0 pv c4d3 f4d3
thread 0 info score cp -2 depth 3 nodes 2914 time 2 pv c4d3 f4d3 a5c4
thread 0 info score cp -1 depth 4 nodes 12650 time 9 pv a8f8 d3c4 a5c4 f4d3
thread 0 info score cp -1 depth 5 nodes 38411 time 30 pv g6g5 d3c4 a5c4 f4d5 a5c4
thread 0 info score cp -1 depth 6 nodes 134242 time 105 pv g6g5 d3c4 a5c4 f4d5 d3e2 f1e2
thread 0 info score cp -2 depth 7 nodes 523662 time 386 pv c5d4 c3d4 a5c4 f1e2 f7d5 e3h6 d5g2
thread 0 info score cp 1 depth 8 nodes 1591139 time 1171 pv g6g5 d3c4 a5c4 f4d3 a8f8 f1e2 c5c4 f4e6
thread 0 info score cp 1 depth 9 nodes 7184765 time 5270 pv g6g5 d3c4 g6g5 e5e6 f7f6 d3c4 c4e3 f4e6 g8f7
thread 0 info score cp 1 depth 10 nodes 22020175 time 16191 pv g6g5 d3c4 g6g5 e5e6 f7f8 d4c5 g5f4 e2e3 f7e7 d4c5
bestmove g6g5
Main thread:thread 0 info score cp -30 depth 1 nodes 180 time 1 pv c3c4
thread 0 info score cp -29 depth 2 nodes 1135 time 1 pv e3g5 f6d5
thread 0 info score cp -29 depth 3 nodes 4512 time 4 pv e3g5 f6d5 g1g7
thread 0 info score cp -24 depth 4 nodes 48364 time 36 pv e3g5 f6d5 c3c4 d5d2
thread 0 info score cp -24 depth 5 nodes 102746 time 76 pv e3g5 f6d5 c2e4 c8e8 g1g7
thread 0 info score cp -22 depth 6 nodes 398769 time 294 pv e3g5 b5b4 h6g5 b7d5 h6g7 f6d5
thread 0 info score cp -20 depth 7 nodes 1028603 time 783 pv e3g5 b7d5 c3c4 d5d2 h6g7 f6d5 g7e5
thread 0 info score cp -20 depth 8 nodes 5610854 time 4228 pv e3g5 b7d5 e3h6 e7d8 h6g7 g8f7 f1f2 f6e4
thread 0 info score cp -19 depth 9 nodes 14353576 time 10968 pv e3h6 e7d8 h6g5 b7d5 c3c4 d8f6 g1g7 a5b3 e5d6
thread 0 info score cp 0 depth 10 nodes 63871348 time 49501 pv g1g7 g8g7 g1g7 f6d5 g1g7 g7h6 e3d2 b3c1 c2h7 b5a4
bestmove g1g7
Main thread:thread 0 info score cp -4 depth 1 nodes 299 time 0 pv h3h5
thread 0 info score cp -5 depth 2 nodes 931 time 0 pv h3h5 e1d3
thread 0 info score cp -4 depth 3 nodes 6379 time 4 pv h3h5 e2a6 e6e4
thread 0 info score cp -4 depth 4 nodes 23155 time 16 pv h3h5 e2a6 e6e4 g1g2
thread 0 info score cp -3 depth 5 nodes 123722 time 86 pv h3h5 e2a6 c8c7 d4b2 c6d5
thread 0 info score cp -2 depth 6 nodes 437650 time 326 pv h3h5 g2e4 f5e4 e2d1 c6c5 d4c5
thread 0 info score cp -1 depth 7 nodes 1654149 time 1243 pv h3h5 g2e4 f5e4 g2e4 e4g3 h2g3 e4g3
thread 0 info score cp 1 depth 8 nodes 2116573 time 1602 pv h3h2 g1h2 e4g3 e2d1 e6h6 f1f5 h6h3 g2d5
thread 0 info score cp 2 depth 9 nodes 3766493 time 2876 pv h3h2 g1h2 e4g3 e2d1 c3e2 d4f6 e2c1 f1f5 h6g6
thread 0 info score cp 2 depth 10 nodes 9638549 time 7169 pv h3h2 g1h2 e4g3 e2d1 c3e2 f5f6 b8g3 f1f5 e6e8 e3f4
bestmove h3h2
Main thread:thread 0 info score cp -21 depth 1 nodes 235 time 0 pv e6e7
thread 0 info score cp -21 depth 2 nodes 760 time 1 pv e6e7 b3c3
thread 0 info score cp -23 depth 3 nodes 4375 time 3 pv e6e7 h1h2 g3f3
thread 0 info score cp -23 depth 4 nodes 13070 time 9 pv e6e7 h1h2 g3f3 a2a3
thread 0 info score cp -23 depth 5 nodes 94600 time 67 pv e6e7 h1h2 e6e3 e2e3 g3e3
thread 0 info score cp -19 depth 6 nodes 285468 time 208 pv e6f5 b3b7 f7f8 b3b7 f7e6 b7c7
thread 0 info score cp -9 depth 7 nodes 1207801 time 906 pv e6e4 b3b7 g3e3 e1f2 f5f4 e1d2 b7c6
thread 0 info score cp 0 depth 8 nodes 1670063 time 1262 pv e6e4 b3b7 f7f8 h1g1 e4b1 b3e3 f6f5 b7g7
thread 0 info score cp 0 depth 9 nodes 4277676 time 3230 pv e6e4 b3b7 f7f8 h1g1 g3e3 h2h3 g3e3 e2e3 f6f5
thread 0 info score cp 0 depth 10 nodes 14232577 time 10706 pv e6e4 b3b7 f7f8 b7b8 g3e3 b7e7 h3g2 b3b7 f6f5 e4g6
bestmove e6e4
Main thread:thread 0 info score cp 7 depth 1 nodes 215 time 0 pv c2c4
thread 0 info score cp 6 depth 2 nodes 1693 time 1 pv d5e3 f5e4
thread 0 info score cp 6 depth 3 nodes 12314 time 9 pv d5e3 f5e4 g2h3
thread 0 info score cp 4 depth 4 nodes 101333 time 72 pv d5e3 f5e4 g2h3 g7h6
thread 0 info score cp 2 depth 5 nodes 622304 time 445 pv d4d1 f7d7 h6f4 f7d7 b2c3
thread 0 info score cp 2 depth 6 nodes 3656064 time 2695 pv h6d2 f5c2 h6f4 f7e7 a2b3 g7h6
thread 0 info score cp 2 depth 7 nodes 14375696 time 10735 pv h6d2 f5c2 h6f4 a6c6 h6c1 d6f5 a1a2
thread 0 info score cp 3 depth 8 nodes 69517922 time 53182 pv d5b4 a5b4 d4d6 f5d7 e3c2 d6f5 e3f5 d6f5
thread 0 info score cp 2 depth 9 nodes 194072529 time 149836 pv h6d2 f5c2 f4e6 c7c5 d4g4 b7a6 g2f3 f7d7 d4b4
thread 0 info score cp 7 depth 10 nodes 837011657 time 641817 pv d5b4 a5b4 d4d6 f5d7 d6d5 f5g3 e1e8 g8g7 g1f1 g7g2
bestmove d5b4
Main thread:thread 0 info score cp 13 depth 1 nodes 154 time 0 pv d3b5
thread 0 info score cp 13 depth 2 nodes 778 time 1 pv d3b5 a6b5
thread 0 info score cp 15 depth 3 nodes 2580 time 2 pv f6d8 f8d8 h3f3
thread 0 info score cp 13 depth 4 nodes 20843 time 15 pv d3b5 a6b5 h3d3 f8d8
thread 0 info score cp 15 depth 5 nodes 31392 time 22 pv d3b5 a6b5 h3d3 f8d8 f6d8
thread 0 info score cp 15 depth 6 nodes 84276 time 61 pv f6d8 f8d8 g4f4 d8d7 d3b5 f8d8
thread 0 info score cp 15 depth 7 nodes 147660 time 106 pv d3b5 a6b5 h3d3 f8d8 h3d3 d8c8 f6d8
thread 0 info score cp 15 depth 8 nodes 389417 time 281 pv f6d8 f8d8 h3f3 d8c8 f6d8 f8d8 f6d8 f8d8
thread 0 info score cp 15 depth 9 nodes 1884024 time 1396 pv d3b5 a6b5 h3d3 h7h5 g4f4 h7h5 g7f8 c5c1 a3a4
thread 0 info score cp 16 depth 10 nodes 11082322 time 8167 pv d3d2 g7f5 g4f4 g8h7 g4h4 g7h5 a4b5 g8h7 g4g5 c8b8
bestmove d3d2
Main thread:thread 0 info score cp 9 depth 1 nodes 51 time 0 pv c2c4
thread 0 info score cp 9 depth 2 nodes 345 time 0 pv h4g6 h8h7
thread 0 info score cp 10 depth 3 nodes 1713 time 1 pv g1g6 e8f8 d1g1
thread 0 info score cp 10 depth 4 nodes 5600 time 4 pv g1g8 h8g8 d1g1 e8f8
thread 0 info score cp 9 depth 5 nodes 9623 time 7 pv g1g8 h8g8 h4g6 c7c5 d2g2
thread 0 info score cp 10 depth 6 nodes 33900 time 26 pv g1g6 g8g6 h4g6 h8h7 d1g1 h7g7
thread 0 info score cp 10 depth 7 nodes 120602 time 91 pv h4f3 d6f8 g1g8 h8g8 d1g1 h7g7 h4g6
thread 0 info score cp 13 depth 8 nodes 295654 time 222 pv h4g6 h8h7 g1g4 e8f7 g1g7 d6e7 c2c4 e8f8
thread 0 info score cp 13 depth 9 nodes 792235 time 598 pv h4g6 h8h7 g1g4 e8f7 d1g1 g8g5 c1d1 e8f7 c4d6
thread 0 info score cp 13 depth 10 nodes 2618846 time 1972 pv h4g6 h8h7 g1g4 e8f7 d1g1 g8g5 f3h2 e8f7 c4a5 b7b5
bestmove h4g6
Main thread:thread 0 info score cp 59 depth 1 nodes 57 time 0 pv c5c4
thread 0 info score cp 59 depth 2 nodes 252 time 1 pv c5c4 c2h7
thread 0 info score cp 57 depth 3 nodes 1270 time 1 pv c5c4 c2h7 g8f8
thread 0 info score cp 52 depth 4 nodes 5489 time 5 pv c5c4 c2h7 g8f8 h7h8
thread 0 info score cp 50 depth 5 nodes 20991 time 15 pv c5c4 c2h7 g8f8 h7h8 c8e6
thread 0 info score cp 50 depth 6 nodes 66526 time 54 pv c5c4 c2h7 g8f8 h7h8 c2b2 a4c4
thread 0 info score cp 46 depth 7 nodes 142347 time 114 pv c5c4 c2h7 g8f8 h7h8 c2c1 f1e2 c8e6
thread 0 info score cp 26 depth 8 nodes 3466559 time 2642 pv g7g6 c4c5 c5c2 c1e3 e5e1 g1f2 e1f1 h8g7
thread 0 info score cp 27 depth 9 nodes 9105229 time 6808 pv g7g6 c4c5 c5c2 c1e3 e5e1 g1f2 c8e6 c1b2 e6f5
thread 0 info score cp 27 depth 10 nodes 22515125 time 16829 pv g7g6 c4c5 c5c2 c1e3 d6c5 c1f4 c8e6 f2f4 f5h7 g5h7
bestmove g7g6
Main thread:thread 0 info score cp -18 depth 1 nodes 133 time 0 pv h4f4
thread 0 info score cp -18 depth 2 nodes 701 time 0 pv h4f4 d6f4
thread 0 info score cp -18 depth 3 nodes 3426 time 2 pv h4f4 d6f4 c1c5
thread 0 info score cp -19 depth 4 nodes 22325 time 16 pv h4f4 d6f4 c1c5 d6f4
thread 0 info score cp -20 depth 5 nodes 63680 time 48 pv h4f4 d6f4 c1c5 d7d6 b1d3
thread 0 info score cp -16 depth 6 nodes 721014 time 529 pv g2f1 e8e6 d3e4 d6f4 c1c5 e6f6
thread 0 info score cp -18 depth 7 nodes 3056303 time 2306 pv g2f1 e8e6 d3e4 d6f4 c1c6 d7b7 f6e5
thread 0 info score cp -19 depth 8 nodes 7382159 time 5412 pv h4f4 d6f4 h4h5 e8e1 d2d3 e6f6 h4e4 d7d3
thread 0 info score cp -19 depth 9 nodes 18299953 time 13756 pv h4f4 d6f4 h1e1 e8c8 d5e6 d3c1 e6d7 e6e7 f2e3
thread 0 info score cp -19 depth 10 nodes 60194917 time 45925 pv h4f4 d6f4 h1e1 d6f4 d5e6 d3c1 c1c6 g6h5 f3e4 c6d5
bestmove h4f4
Main thread:thread 0 info score cp -57 depth 1 nodes 31 time 0 pv e4f3
thread 0 info score cp -60 depth 2 nodes 74 time 0 pv e4f3 d4d3
thread 0 info score cp -56 depth 3 nodes 273 time 0 pv e4f3 d4d3 f3g2
thread 0 info score cp -55 depth 4 nodes 719 time 1 pv e4f3 h2g1 f3g2 g1e3
thread 0 info score cp -54 depth 5 nodes 1783 time 1 pv e4f3 h2g1 f3g2 g1e3 d5e6
thread 0 info score cp -56 depth 6 nodes 5433 time 3 pv e4f3 h2g1 f3g2 g1e3 d5e6 d1d2
thread 0 info score cp -55 depth 7 nodes 15742 time 9 pv e4f3 h2g1 f4f3 h2g1 f3g2 g1e3 a4a5
thread 0 info score cp -70 depth 8 nodes 125791 time 63 pv e4d4 d1d2 d4e4 h2g3 d4e3 h4h3 e6e5 d4d3
thread 0 info score cp -57 depth 9 nodes 379356 time 195 pv e4f3 h2g1 f3g2 g1e3 a4a5 d2e3 f5e5 d4d3 a4a5
thread 0 info score cp -67 depth 10 nodes 1046546 time 522 pv e4d4 h2g3 d4e3 h2g3 f5g4 d4d3 d5e6 d6c5 e4e5 d4d3
bestmove e4d4
Main thread:thread 0 info score cp -9 depth 1 nodes 590 time 1 pv g2f1
thread 0 info score cp -9 depth 2 nodes 1579 time 1 pv g2f1 g7e5
thread 0 info score cp -9 depth 3 nodes 4139 time 3 pv g2f1 g7e5 g2f1
thread 0 info score cp -8 depth 4 nodes 19061 time 14 pv g2f1 a1f1 g8g7 a1f1
thread 0 info score cp -8 depth 5 nodes 48723 time 35 pv g2f1 a1f1 g8g7 a1f1 h5g7
thread 0 info score cp -4 depth 6 nodes 194589 time 138 pv g2f1 a1f1 g2f1 a1f1 h3g4 c4d5
thread 0 info score cp -4 depth 7 nodes 695915 time 514 pv g2f1 a1f1 g2f1 a1f1 h3g4 e4d5 f1d3
thread 0 info score cp -4 depth 8 nodes 1888545 time 1389 pv g2f1 a1f1 g2f1 a1f1 h3g4 b4e7 g7g8 g1g2
thread 0 info score cp -4 depth 9 nodes 5785364 time 4421 pv g2f1 a1f1 g2f1 a1f1 h5f6 g1f1 g7f6 d2h6 h3h6
thread 0 info score cp -4 depth 10 nodes 20419110 time 15357 pv g2f1 a1f1 e5f4 f1e1 g6g5 d5f6 g7f6 c4d5 d1e2 g7e5
bestmove g2f1
Main thread:thread 0 info score cp 9 depth 1 nodes 68 time 0 pv a1c1
thread 0 info score cp 5 depth 2 nodes 809 time 0 pv h6c1 b2c1
thread 0 info score cp 5 depth 3 nodes 5651 time 4 pv h6c1 b2c1 a1c1
thread 0 info score cp 5 depth 4 nodes 35661 time 23 pv f3g5 f8d8 e1a1 c5d4
thread 0 info score cp 9 depth 5 nodes 127653 time 91 pv h6c1 b2b3 f3d2 c4b2 f3d4
thread 0 info score cp 9 depth 6 nodes 560135 time 389 pv h6c1 b2c1 a1c1 b6c4 g5d2 f8e8
thread 0 info score cp 9 depth 7 nodes 2422720 time 1811 pv f3g5 b2g7 h6g7 b2g7 e1a1 a8a4 f3e5
thread 0 info score cp 10 depth 8 nodes 9011650 time 6509 pv f3g5 b2g7 h6g7 b2g7 h6g7 g8f7 g4f5 e4f5
thread 0 info score cp 8 depth 9 nodes 29516399 time 22496 pv h6c1 b2c1 e1a1 c5d4 h6d2 c5d4 c1d1 a8d8 b5e8
thread 0 info score cp 7 depth 10 nodes 107160241 time 79339 pv f3g5 b2g7 e1a1 c2d3 f3e1 e4f3 e1a1 f8f7 e2d3 a8e8
bestmove f3g5
Main thread:thread 0 info score cp 1 depth 1 nodes 74 time 0 pv g3e5
thread 0 info score cp 0 depth 2 nodes 1097 time 1 pv c2a4 f8d8
thread 0 info score cp -1 depth 3 nodes 7160 time 5 pv c2e2 a8d8 c4d3
thread 0 info score cp -1 depth 4 nodes 50197 time 38 pv c2e2 a8d8 c4d5 c6d5
thread 0 info score cp 0 depth 5 nodes 210022 time 156 pv c2e2 a8d8 c4d5 c8d8 g3h4
thread 0 info score cp -1 depth 6 nodes 1230474 time 960 pv c2e2 a8d8 b2b4 d5b4 c4d5 c6d5
thread 0 info score cp 0 depth 7 nodes 3818713 time 2981 pv c2e4 f8d8 c4d5 c6d5 e4e7 c5e7 e4d4
thread 0 info score cp 5 depth 8 nodes 9919033 time 7878 pv b2b4 c5b4 c4d5 c6d5 c2c7 b4c2 e1e2 b4c6
thread 0 info score cp 5 depth 9 nodes 22979744 time 18331 pv b2b4 c5b4 e4e8 a8e8 e1e8 g8g7 e4c4 a8d8 d6e5
thread 0 info score cp 8 depth 10 nodes 79725340 time 64285 pv b2b4 c5b4 c4d5 e3c2 e1e7 b4c2 b3c4 c5d4 g3b8 b7a6
bestmove b2b4
Main thread:thread 0 info score cp 1 depth 1 nodes 200 time 0 pv g5f6
thread 0 info score cp 1 depth 2 nodes 497 time 0 pv g5f6 g7f6
thread 0 info score cp 1 depth 3 nodes 2136 time 2 pv g5f6 g7f6 d1d5
thread 0 info score cp -1 depth 4 nodes 9286 time 8 pv g5f6 g7f6 d1d5 c8e6
thread 0 info score cp -1 depth 5 nodes 55685 time 48 pv g5f6 g7f6 a4b5 c8d7 b5b7
thread 0 info score cp 0 depth 6 nodes 123473 time 100 pv g5f6 g7f6 d1d5 b4c3 b2c3 c8f5
thread 0 info score cp 0 depth 7 nodes 463775 time 377 pv g5f6 g7f6 d1d5 b4c3 b2c3 h8g8 g5e7
thread 0 info score cp 0 depth 8 nodes 1033374 time 837 pv g5f6 g7f6 d1d5 b4c3 b2c3 h8g8 g5e7 e7e4
thread 0 info score cp 0 depth 9 nodes 3212565 time 2634 pv g5f6 g7f6 d1d5 g7f6 d1c2 g7f6 g5e7 f6g4 g5e7
thread 0 info score cp 0 depth 10 nodes 8764906 time 7268 pv g5f6 g7f6 d1d5 g7f6 a1c1 h8g8 g5e7 f6g4 g5e7 g7f6
bestmove g5f6
Main thread:thread 0 info score cp -33 depth 1 nodes 58 time 0 pv g7f8
thread 0 info score cp -33 depth 2 nodes 335 time 0 pv g7f8 g8f8
thread 0 info score cp -33 depth 3 nodes 2156 time 1 pv g7f8 g8f8 d4c5
thread 0 info score cp -28 depth 4 nodes 14632 time 10 pv g7h6 f7f6 h6f8 g8f8
thread 0 info score cp -33 depth 5 nodes 24165 time 17 pv g7f8 g8f8 d4h8 f8e7 c4b5
thread 0 info score cp -33 depth 6 nodes 68086 time 48 pv g7f8 g8f8 d4h8 f8e7 d2d1 f8e8
thread 0 info score cp -28 depth 7 nodes 263603 time 188 pv g7h6 f7f6 h6f8 g8f8 d4c5 f8g8 f2f4
thread 0 info score cp -28 depth 8 nodes 951047 time 687 pv g7h6 f7f6 h6f8 g8f8 d4f6 f8g8 a2a3 f7g6
thread 0 info score cp -24 depth 9 nodes 4129766 time 3059 pv g7h6 f7f6 h6f8 g8f8 d4h8 f8e7 c5d6 f8g7 h8h7
thread 0 info score cp -24 depth 10 nodes 14500965 time 10591 pv g7h6 f7f6 h6f8 g8f8 d4h8 g7f8 c5d6 a1a2 f2f4 f8g8
bestmove g7h6
Main thread:thread 0 info score cp 2 depth 1 nodes 96 time 0 pv a8a5
thread 0 info score cp 3 depth 2 nodes 405 time 0 pv a8a5 h1h2
thread 0 info score cp 3 depth 3 nodes 1558 time 1 pv a8a5 h1h2 d2b3
thread 0 info score cp 3 depth 4 nodes 10110 time 6 pv a8a5 d4e5 d2b3 h1h2
thread 0 info score cp 4 depth 5 nodes 36417 time 23 pv a8a5 d4e5 d2b3 h1h2 g5h6
thread 0 info score cp 1 depth 6 nodes 198868 time 126 pv g5g6 h7g6 d2b3 h2e5 d2b3 d4d5
thread 0 info score cp 4 depth 7 nodes 699457 time 449 pv a8a7 d7d6 a7h7 d4d5 h7h3 e5d6 g5h6
thread 0 info score cp 3 depth 8 nodes 2666027 time 1724 pv a8a7 h1g2 d2b3 d4e5 d2b3 d4e5 d8d7 d4c5
thread 0 info score cp 2 depth 9 nodes 12981390 time 8529 pv a8a7 h1g2 d2b3 d4c4 b3h3 d4c5 a6a7 d6d5 g5g6
thread 0 info score cp 39 depth 10 nodes 64514607 time 42688 pv g5g6 h1g2 g6h7 d4d5 g6g7 d5d6 e2f3 h2d6 e2f1 b1b2
bestmove g5g6
Main thread:thread 0 info score cp 0 depth 1 nodes 38 time 0 pv f1b5
thread 0 info score cp -1 depth 2 nodes 200 time 0 pv f1b5 e3d2
thread 0 info score cp -1 depth 3 nodes 1023 time 1 pv d6c7 f4e6 g3g2
thread 0 info score cp -1 depth 4 nodes 5347 time 4 pv d6e7 e3d2 g3g2 f4e6
thread 0 info score cp -1 depth 5 nodes 15971 time 10 pv d6c7 f4e6 g3g2 e3f2 e5d3
thread 0 info score cp 0 depth 6 nodes 26266 time 17 pv d6c7 f4e6 c7b6 e3f2 e5g4 f5g6
thread 0 info score cp 0 depth 7 nodes 92265 time 59 pv d6c7 f4e6 c7c8 e6f4 c8c7 d5e4 d6c7
thread 0 info score cp 0 depth 8 nodes 259346 time 164 pv d6c7 e3d2 a5a4 f4h5 g3g2 f5g6 h6f5 b4a5
thread 0 info score cp 0 depth 9 nodes 869811 time 550 pv d6c7 f4e6 c7b6 f4d5 b6a7 f4h3 h6f5 d2e2 e5d6
thread 0 info score cp 0 depth 10 nodes 2713706 time 1755 pv d6c7 f4e6 c7b6 e3f2 g3g2 f4h3 d6c7 e6d5 f5e7 d2c1
bestmove d6c7
Main thread:thread 0 info score cp 0 depth 1 nodes 66 time 1 pv f1e1
thread 0 info score cp 0 depth 2 nodes 652 time 1 pv f4f5 g6f5
thread 0 info score cp 0 depth 3 nodes 3847 time 3 pv f4f5 g6f5 d3f5
thread 0 info score cp 0 depth 4 nodes 17828 time 15 pv f1e1 f6e4 d3e4 d5e4
thread 0 info score cp -1 depth 5 nodes 50893 time 39 pv f1c1 c7c1 e3e7 c7e7 a2b3
thread 0 info score cp -1 depth 6 nodes 438490 time 353 pv d2d1 f6e4 e3e7 c7e7 d3e4 d5e4
thread 0 info score cp 0 depth 7 nodes 799416 time 654 pv f1e1 f6e4 e3e7 c7e7 a3e7 c7c2 a3e7
thread 0 info score cp 0 depth 8 nodes 5967681 time 4626 pv f4f5 g6f5 e3e6 d6f8 e3e7 c7e7 e6f6 f8g7
thread 0 info score cp 0 depth 9 nodes 14904321 time 11929 pv f1e1 g8f7 e3e7 c7e7 a3e7 c7e7 a3e7 c7e7 g1f2
thread 0 info score cp 0 depth 10 nodes 94913538 time 75017 pv f1e1 f6e4 e3e7 c7e7 f1e1 c8c2 a3e7 c7e7 e1d1 f7e7
bestmove f1e1
Main thread:thread 0 info score cp -4 depth 1 nodes 38 time 0 pv f5e4
thread 0 info score cp -4 depth 2 nodes 339 time 0 pv f5e4 c4f1
thread 0 info score cp -4 depth 3 nodes 1538 time 1 pv f5e4 c4e2 e5d6
thread 0 info score cp -4 depth 4 nodes 8232 time 6 pv f5e4 c4e2 e5d6 c4e2
thread 0 info score cp -3 depth 5 nodes 15648 time 10 pv f5e4 c4e2 e4f5 a6b7 e7d8n
thread 0 info score cp -3 depth 6 nodes 44538 time 30 pv f5e4 c4e2 e4f5 d8c8 e7d8r d6d8
thread 0 info score cp -3 depth 7 nodes 115537 time 78 pv f5e4 c4e2 e4h4 a7a5 e7d8n d6d8 h5g6
thread 0 info score cp -3 depth 8 nodes 292231 time 191 pv f5e4 d8c8 h2g1 e2h5 e7d8n d6d8 h5g6 e8e7
thread 0 info score cp -3 depth 9 nodes 1118556 time 774 pv f5e4 b6b5 e4h4 e2h5 e7d8n d6d8 e5d6 e7e6 e5e7
thread 0 info score cp -3 depth 10 nodes 4351322 time 3069 pv f5e4 b6b5 e5e6 d7d5 e7d8r d6d8 f5e4 b6c5 e7d8q h8h7
bestmove f5e4
Main thread:thread 0 info score cp 26 depth 1 nodes 384 time 1 pv f1d1
thread 0 info score cp 26 depth 2 nodes 3158 time 3 pv f1d1 d6h2
thread 0 info score cp 13 depth 3 nodes 30758 time 22 pv e3e4 d6e5 a3b4
thread 0 info score cp 8 depth 4 nodes 114923 time 84 pv f1d1 d6e5 a3b4 a8f3
thread 0 info score cp 8 depth 5 nodes 572507 time 415 pv f1d1 d6e5 a3b4 d6h2 f3h2
thread 0 info score cp 8 depth 6 nodes 2632172 time 1952 pv f1d1 d6e5 a3b4 c7c4 a3b4 a8f3
thread 0 info score cp 8 depth 7 nodes 8488197 time 6251 pv f1d1 d6e5 a3b4 c7c4 e2d1 a6b5 c1c7
thread 0 info score cp 6 depth 8 nodes 36106368 time 27177 pv f1d1 d6e5 a3b4 c7c4 a3b4 a8f3 c1c7 d6c7
thread 0 info score cp 5 depth 9 nodes 126221701 time 95714 pv c3e4 f6e4 a3b4 c7c4 b1d3 a8f3 b1h7 c6e5 c1c7
thread 0 info score cp 5 depth 10 nodes 609205692 time 464042 pv c3e4 f6e4 a3b4 c7c4 a3b4 c7c4 e2d2 c8c1 c1c7 c8c7
bestmove c3e4
Main thread:thread 0 info score cp 23 depth 1 nodes 138 time 0 pv e2f3
thread 0 info score cp 21 depth 2 nodes 687 time 0 pv e2f3 c8b7
thread 0 info score cp 18 depth 3 nodes 5570 time 4 pv d2e1 b4a2 g1f3
thread 0 info score cp 17 depth 4 nodes 32639 time 24 pv h8d8 g6g5 d2e1 b4a2
thread 0 info score cp 19 depth 5 nodes 163732 time 124 pv h8d8 g6g5 d2e1 g5g2 h8h7
thread 0 info score cp 19 depth 6 nodes 946013 time 710 pv h8d8 g6c2 d2e1 c2b2 h8h7 g2g7
thread 0 info score cp 20 depth 7 nodes 3485842 time 2697 pv h8d8 h6f5 e2f3 g2g7 h8h7 f7e8 h8h7
thread 0 info score cp 19 depth 8 nodes 12506987 time 9715 pv h8d8 h6f5 d8c7 g2g7 h8h7 h6f7 h8h7 h6f7
thread 0 info score cp 20 depth 9 nodes 57497071 time 45478 pv h8d8 e6e5 g1f3 g8e7 a2a3 b4a6 c7d6 d3d1 a6c8
thread 0 info score cp 20 depth 10 nodes 243454777 time 194146 pv h8d8 e6e5 g1f3 g8e7 d8c7 f7e8 d8a8 b1g1 h1g1 b4a2
bestmove h8d8
Main thread:thread 0 info score cp 1 depth 1 nodes 72 time 0 pv d3d4
thread 0 info score cp 2 depth 2 nodes 446 time 1 pv d3d4 h7h6
thread 0 info score cp 1 depth 3 nodes 2738 time 2 pv d3d4 d6f8 g7g4
thread 0 info score cp 2 depth 4 nodes 12276 time 8 pv d3d4 c8b7 d2f1 h2h3
thread 0 info score cp 1 depth 5 nodes 35257 time 23 pv d3d4 e5d4 b3d4 d6e5 b2a3
thread 0 info score cp 1 depth 6 nodes 84094 time 56 pv b3a5 c6c5 a5c6 c8b7 b2a3 h2f2
thread 0 info score cp 0 depth 7 nodes 327264 time 219 pv e2f1 c6c5 d3d4 e5d4 b3d4 d6e5 b2a3
thread 0 info score cp 0 depth 8 nodes 1022107 time 686 pv e2f1 c6c5 d2f1 h2h3 d2f1 h2h3 e3e2 b7c8
thread 0 info score cp 0 depth 9 nodes 3434389 time 2308 pv e2f1 c8b7 d2f1 h2h3 b3a5 b7a7 f1g2 b4a3 f1h2
thread 0 info score cp 0 depth 10 nodes 13922780 time 9464 pv e2f1 b5b4 d2f1 h2h5 b3a5 b7b6 a5c6 h7h6 f2f1 f2f3
bestmove e2f1
|         bench done         
|----------------------------
|time  : 1917749
|nodes : 2527046304
fail_checksums:0hash cuts:10302207
"Well, you've shown me something today . . . You've shown me that I'm still a threat. 
	- Dalinar Kholin
