ms1table
mask
reset masks and magics
rank file and diag masks
gen sliding attacks
attack bitmaps
evaluate masks
init hashtable with 2666666 entries
Main thread:thread 0 info score cp 8 depth 1 nodes 68 time 0 pv f1f2
thread 0 info score cp 6 depth 2 nodes 355 time 1 pv f1f2 e8c8
thread 0 info score cp 8 depth 3 nodes 2543 time 5 pv f1f2 e8e7 f3f7
thread 0 info score cp 8 depth 4 nodes 17442 time 35 pv f1f2 a8a7 f5e7 g7g6
thread 0 info score cp 7 depth 5 nodes 124464 time 173 pv f1f2 b8c7 f1d1 a8d8 h1f1
thread 0 info score cp 8 depth 6 nodes 350985 time 355 pv f1f2 g7h6 f3f7 a8d8 f1f2 b5e2
thread 0 info score cp 7 depth 7 nodes 1808542 time 1371 pv f1f2 b8c7 f3f7 e5h2 f3f7 e5b2 b1b2
thread 0 info score cp 7 depth 8 nodes 6152678 time 4490 pv f1f2 e8e7 h1d1 g8h7 d2d8 b7b6 g2f3 e8e4
thread 0 info score cp 7 depth 9 nodes 15402013 time 11212 pv f1f2 b8b7 f3f7 a8a7 f5g7 e8e4 f1f7 g8h8 g5h6
thread 0 info score cp 7 depth 10 nodes 37509941 time 27301 pv f1f2 e8e7 f3f7 b8b5 f5e7 e5b2 f5g7 b4a3 d7e8 h3f1
thread 0 info score cp 7 depth 11 nodes 294385119 time 217315 pv f1f2 b8b7 h5h6 b8c7 c6b4 a8d8 f3b3 g8f7 g3b3 a8a7 g5h6
bestmove f1f2
Main thread:thread 0 info score cp -1 depth 1 nodes 32 time 0 pv d4b2
thread 0 info score cp -2 depth 2 nodes 170 time 0 pv d4b2 f7f5
thread 0 info score cp 0 depth 3 nodes 582 time 0 pv d4b2 f7f5 h1g1
thread 0 info score cp -2 depth 4 nodes 1883 time 1 pv d4b2 b6b5 a4a5 c7d6
thread 0 info score cp -2 depth 5 nodes 4124 time 2 pv d4b2 c7d6 h1g1 f7f5 h2g3
thread 0 info score cp -2 depth 6 nodes 10277 time 6 pv d4c3 b6b5 a4a5 f7f5 f4e5 a4a3
thread 0 info score cp -2 depth 7 nodes 30396 time 18 pv d4c3 b6b5 a4b5 a6b5 f4e5 b6b5 g3f4
thread 0 info score cp -2 depth 8 nodes 87548 time 55 pv d4b2 b6b5 a4b5 e5f4 f3f4 c7d6 f3f4 g8g7
thread 0 info score cp -1 depth 9 nodes 309419 time 193 pv d4e3 b6b5 a4a5 f7f5 h1g1 c7d6 e3d2 d6e7 f3f4
thread 0 info score cp 0 depth 10 nodes 699385 time 444 pv d4c3 b6b5 a4a5 c7b8 a4a5 b6a5 h2g3 g6g5 g3g4 g8g7
thread 0 info score cp 0 depth 11 nodes 2786738 time 1743 pv d4e3 b6b5 a4a5 f7f5 f3f4 a6b5 f3f4 a6b5 f4e5 c7e5 a5b6
bestmove d4e3
Main thread:thread 0 info score cp 0 depth 1 nodes 87 time 0 pv f3f4
thread 0 info score cp -1 depth 2 nodes 698 time 0 pv f3f4 h8g8
thread 0 info score cp -1 depth 3 nodes 4575 time 3 pv f3f4 h8g8 g5f7
thread 0 info score cp 0 depth 4 nodes 25451 time 16 pv f3f4 h8g8 g5f7 f8f7
thread 0 info score cp -1 depth 5 nodes 163518 time 108 pv f3f4 c7b7 g5f7 f8f7 g5f7
thread 0 info score cp 0 depth 6 nodes 595568 time 405 pv e5e1 f8c8 h5e5 f7e6 h4g5 f8d8
thread 0 info score cp 0 depth 7 nodes 2886394 time 1985 pv f3f4 f8c8 g5f7 f8f7 e6c7 f7f5 c7e6
thread 0 info score cp 0 depth 8 nodes 7548538 time 5238 pv h1g1 h8g8 g5f7 f8f7 h5e5 a5c4 c7b5 c6b5
thread 0 info score cp -2 depth 9 nodes 35301793 time 24670 pv h1g1 a5b7 g5f7 f8f7 g5f7 h8g8 g5f3 c7c3 g5f3
thread 0 info score cp -2 depth 10 nodes 147868052 time 105346 pv h1g1 a5b7 g5f7 f8f7 h5e5 f7e6 e5b5 f8d8 h1g1 f7f3
thread 0 info score cp 6 depth 11 nodes 406398942 time 289060 pv e5e6 h8g8 e6h6 c7f7 g5f7 f7f8 a5e5 h6g5 h1g1 f7f3 h1g1
bestmove e5e6
Main thread:thread 0 info score cp 23 depth 1 nodes 50 time 0 pv d2e1
thread 0 info score cp 29 depth 2 nodes 620 time 0 pv d2e1 a1b2
thread 0 info score cp 29 depth 3 nodes 2741 time 2 pv d2e1 a1b2 d3d2
thread 0 info score cp 32 depth 4 nodes 18184 time 12 pv d2e1 a2a4 d3d2 g2f1
thread 0 info score cp 33 depth 5 nodes 50090 time 35 pv d2e1 a2a7 d3d6 h4h5 f8b8
thread 0 info score cp 35 depth 6 nodes 217761 time 143 pv d2e1 a2a7 d3b5 h2g2 g3h4 a2a8
thread 0 info score cp 34 depth 7 nodes 782138 time 514 pv d2e1 a2a7 d3d6 b2c1 g3h4 b7b8q f8b8
thread 0 info score cp 37 depth 8 nodes 3552052 time 2293 pv d2e1 a2a7 d3d6 h4h5 g3e1 a5b4 g3f3 d5d6
thread 0 info score cp 36 depth 9 nodes 13139334 time 8779 pv d2e1 a2a7 d3g3 g2f1 f6e5 b8c7 d6e5 a2b3 d6d2
thread 0 info score cp 38 depth 10 nodes 53936416 time 35986 pv d2e1 a2a7 d3d6 a5b6 d3e2 g2h3 f8b8 g3g4 h8g8 g1f1
thread 0 info score cp 40 depth 11 nodes 230832652 time 158257 pv d2e1 a2a7 d3d6 a5c7 g3f4 c1c7 h8h7 d4f6 f6e5 a1e5 h8g8
bestmove d2e1
Main thread:thread 0 info score cp 89 depth 1 nodes 25 time 0 pv d8f6
thread 0 info score cp 89 depth 2 nodes 113 time 0 pv c6f3 d1c1
thread 0 info score cp 95 depth 3 nodes 805 time 1 pv b5a4 d1c2 b4b3
thread 0 info score cp 88 depth 4 nodes 4447 time 2 pv c6f3 d1c2 c6e4 c2b2
thread 0 info score cp 87 depth 5 nodes 18718 time 8 pv c6d7 d1e2 c6e4 c2d1 e7f6
thread 0 info score cp 87 depth 6 nodes 126922 time 61 pv c6d7 d1c2 d8a5 e1e2 d8f6 d1c2
thread 0 info score cp 86 depth 7 nodes 537361 time 244 pv b5b4 d1e2 d7g4 e2d3 b5d3 d1c1 b5e2
thread 0 info score cp 86 depth 8 nodes 2814556 time 1330 pv b5a6 d1e2 c6b5 e2f3 d8f6 d1c2 b5a4 c2d3
thread 0 info score cp 86 depth 9 nodes 7189098 time 3486 pv b5a6 d1e2 c6b5 e2f3 d8g5 d2d1n b5a4 c2b1 f6c3
thread 0 info score cp 85 depth 10 nodes 18214268 time 8966 pv b5a6 d1e1 d8a5 e1d1 d8h4 d2d1n b5a4 f3e2 c8g4 f3e3
thread 0 info score cp 85 depth 11 nodes 39474857 time 19760 pv b5a6 d1e2 c6b5 e2f2 d8b6 d2d1q d8g5 d1d8 d8g5 d3d8 g5f6
bestmove b5a6
Main thread:thread 0 info score cp 8 depth 1 nodes 128 time 0 pv d8d7
thread 0 info score cp 5 depth 2 nodes 452 time 0 pv h7h6 h5h6
thread 0 info score cp 5 depth 3 nodes 3043 time 2 pv d8d7 h5f5 b7c6
thread 0 info score cp 2 depth 4 nodes 17337 time 12 pv d8d7 h2h3 h8g8 f5d5
thread 0 info score cp 1 depth 5 nodes 78779 time 52 pv d8d7 h5f5 c6a5 c4d4 b7c6
thread 0 info score cp 1 depth 6 nodes 284061 time 200 pv d8d7 h2h3 g4g2 c4e4 b7c6 h7d7
thread 0 info score cp 1 depth 7 nodes 845696 time 581 pv d8d7 h2h3 g4g7 c4e4 b7c6 h2g3 g4e4
thread 0 info score cp 0 depth 8 nodes 3387418 time 2439 pv d8d7 h5f5 c6a5 c4a4 b7c6 h6c6 d8d1 e1f2
thread 0 info score cp 1 depth 9 nodes 6768846 time 4848 pv d8d7 h2h3 b8a7 c4d4 a5c4 h3g4 b7b5 c4c5 g4e4
thread 0 info score cp 2 depth 10 nodes 19635345 time 14252 pv e4e3 c4g4 d8d1 e1d1 b7c6 h5h6 b8c7 f2g3 c7c6 h5h7
thread 0 info score cp 3 depth 11 nodes 67849981 time 48855 pv e4e3 c4g4 d8d1 e1d1 e3f2 h2g3 c7c8 h2h3 b7c6 f4c7 f2f1q
bestmove e4e3
Main thread:thread 0 info score cp -8 depth 1 nodes 60 time 0 pv c6c2
thread 0 info score cp -10 depth 2 nodes 528 time 0 pv b6c4 h6g5
thread 0 info score cp -10 depth 3 nodes 3703 time 2 pv c6c8 h6g5 e7e2
thread 0 info score cp -10 depth 4 nodes 15367 time 11 pv c6c2 h6g5 e7e3 g1f1
thread 0 info score cp -9 depth 5 nodes 41268 time 29 pv c6c2 h6g5 e6a2 d4d8 e8c6
thread 0 info score cp 0 depth 6 nodes 193552 time 143 pv c6d6 d4d6 e7e3 g1f1 e3f3 g3f4
thread 0 info score cp 0 depth 7 nodes 604250 time 451 pv c6d6 d4d6 e7e3 g1f1 e3f3 g3f4 b6c4
thread 0 info score cp 0 depth 8 nodes 1737295 time 1297 pv c6d6 d4d6 e7e3 g1f1 e3f3 f4e5 c4e5 b1e1
thread 0 info score cp 0 depth 9 nodes 2386247 time 1779 pv c6d6 d4d6 e7e3 g1f1 e3f3 f4e5 c4e5 d4f4 f7e6
thread 0 info score cp 0 depth 10 nodes 5416238 time 3974 pv c6d6 d4d6 e7e3 g1f1 e3f3 b1b2 d6d7 d5d3 c5c4 d4a4
thread 0 info score cp 0 depth 11 nodes 13192675 time 9838 pv c6d6 d4d6 e7e3 g1f1 e3f3 f4e5 c4e5 d6d1 g8f7 b6g6 h7g6
bestmove c6d6
Main thread:thread 0 info score cp 1 depth 1 nodes 136 time 0 pv c4e6
thread 0 info score cp 1 depth 2 nodes 565 time 0 pv c4e6 c8c7
thread 0 info score cp 0 depth 3 nodes 3481 time 2 pv c4e6 c8b8 c4e6
thread 0 info score cp 0 depth 4 nodes 14441 time 10 pv d6d8 c8d8 g1c5 c6e4
thread 0 info score cp 1 depth 5 nodes 52108 time 37 pv c4e6 c8c7 d6d8 e8d8 c4e6
thread 0 info score cp 1 depth 6 nodes 141195 time 102 pv c4e6 c8c7 d6d8 e8d8 c4e6 a4d7
thread 0 info score cp 1 depth 7 nodes 610197 time 442 pv c4e6 c8c7 d6d8 e8d8 c4e6 a4d7 a1a4
thread 0 info score cp 0 depth 8 nodes 1324496 time 955 pv d6e6 e8e6 c4e6 c8c7 b3e6 a4d7 a1a4 f6f5
thread 0 info score cp 0 depth 9 nodes 3994376 time 2890 pv d6e6 c6e4 g1c5 e4g2 c5b6 g2h3 a1a3 h6g4 g3g2
thread 0 info score cp 0 depth 10 nodes 18190358 time 13154 pv d6e6 e8e6 c4e6 d8e8 f4g5 e8e4 b2b3 e4f4 c5d6 g4e3
thread 0 info score cp 0 depth 11 nodes 64512656 time 46627 pv d6e6 e8e6 c4e6 c8c7 c4e6 a4d7 e6d7 d8d7 d4e5 h6g4 c5d6
bestmove d6e6
Main thread:thread 0 info score cp -3 depth 1 nodes 210 time 0 pv a8f8
thread 0 info score cp -2 depth 2 nodes 429 time 0 pv c4d3 f4d3
thread 0 info score cp -2 depth 3 nodes 2914 time 2 pv c4d3 f4d3 a5c4
thread 0 info score cp -1 depth 4 nodes 12650 time 10 pv a8f8 d3c4 a5c4 f4d3
thread 0 info score cp -1 depth 5 nodes 38422 time 30 pv g6g5 d3c4 a5c4 f4d5 a5c4
thread 0 info score cp -1 depth 6 nodes 134276 time 104 pv g6g5 d3c4 a5c4 f4d5 a8f8 f1e2
thread 0 info score cp -2 depth 7 nodes 523708 time 383 pv c5d4 c3d4 a5c4 f1e2 f7d5 e3h6 d5g2
thread 0 info score cp 1 depth 8 nodes 1597077 time 1170 pv g6g5 d3c4 a5c4 f4d3 a8f8 f1e2 c5c4 f4e6
thread 0 info score cp 1 depth 9 nodes 7315151 time 5337 pv g6g5 d3c4 g6g5 e5e6 f7f6 d3e4 c4e3 f4e6 g8f7
thread 0 info score cp 1 depth 10 nodes 23456826 time 17252 pv g6g5 d3c4 g6g5 e5e6 f7f8 a1d1 g5f4 g6e7 f7e7 a1b1
thread 0 info score cp 1 depth 11 nodes 89114201 time 65286 pv g6g5 d3c4 g6g5 e5e6 h6e3 g6e7 f7e7 g6e7 h6e3 f1f7 f7e6
bestmove g6g5
Main thread:thread 0 info score cp -30 depth 1 nodes 180 time 0 pv c3c4
thread 0 info score cp -29 depth 2 nodes 1135 time 1 pv e3g5 f6d5
thread 0 info score cp -29 depth 3 nodes 4512 time 3 pv e3g5 f6d5 g1g7
thread 0 info score cp -24 depth 4 nodes 48364 time 35 pv e3g5 f6d5 c3c4 d5d2
thread 0 info score cp -24 depth 5 nodes 102746 time 75 pv e3g5 f6d5 c2e4 c8e8 g1g7
thread 0 info score cp -22 depth 6 nodes 398823 time 292 pv e3g5 b5b4 h6g5 b7d5 h6g7 f6d5
thread 0 info score cp -20 depth 7 nodes 1029299 time 780 pv e3g5 b7d5 c3c4 d5d2 h6g7 f6d5 g7e5
thread 0 info score cp -20 depth 8 nodes 5628227 time 4219 pv e3g5 b7d5 e3h6 e7d8 h6g7 g8f7 f1f2 f6e4
thread 0 info score cp -19 depth 9 nodes 11717693 time 8803 pv g1g7 g8g7 e3h6 c7e7 h6g7 g8f7 g7f6 g8g7 g1g6
thread 0 info score cp 9 depth 10 nodes 72426264 time 55841 pv g1g7 g8f8 g7f7 c7e7 h1g1 c7e7 c2b3 g8h8 g7e7 a5b3
thread 0 info score cp 11 depth 11 nodes 177327208 time 135152 pv g1g7 g8f8 g1g7 g8h8 d2g5 f8g7 d5d2 g8h8 a2b3 f6e4 b3a4
bestmove g1g7
Main thread:thread 0 info score cp -4 depth 1 nodes 299 time 1 pv h3h5
thread 0 info score cp -5 depth 2 nodes 931 time 1 pv h3h5 e1d3
thread 0 info score cp -4 depth 3 nodes 6379 time 5 pv h3h5 e2a6 e6e4
thread 0 info score cp -4 depth 4 nodes 23155 time 17 pv h3h5 e2a6 e6e4 g1g2
thread 0 info score cp -3 depth 5 nodes 123722 time 88 pv h3h5 e2a6 c8c7 d4b2 c6d5
thread 0 info score cp -2 depth 6 nodes 437650 time 329 pv h3h5 g2e4 f5e4 e2d1 c6c5 d4c5
thread 0 info score cp -1 depth 7 nodes 1654276 time 1252 pv h3h5 g2e4 f5e4 g2e4 e4g3 h2g3 e4g3
thread 0 info score cp 1 depth 8 nodes 2121401 time 1614 pv h3h2 g1h2 e4g3 e2d1 e6h6 g2h3 h6h3 d4f6
thread 0 info score cp 2 depth 9 nodes 3825871 time 2919 pv h3h2 g1h2 e4g3 e2d1 c3e2 g1f2 e2c1 f5g5 h6g6
thread 0 info score cp 12 depth 10 nodes 18631334 time 13886 pv h3h2 g1h2 c3e2 g1f2 e2c1 g2h3 g4h3 g2h3 e2c1 f1f5
thread 0 info score cp 18 depth 11 nodes 42430603 time 32458 pv h3h2 g1h2 e4g3 e2b2 g3e2 d4e5 g3f1 g2e4 c8e8 g2e4 e2c1
bestmove h3h2
Main thread:thread 0 info score cp -21 depth 1 nodes 235 time 1 pv e6e7
thread 0 info score cp -21 depth 2 nodes 760 time 1 pv e6e7 b3c3
thread 0 info score cp -23 depth 3 nodes 4375 time 3 pv e6e7 h1h2 g3f3
thread 0 info score cp -23 depth 4 nodes 13070 time 10 pv e6e7 h1h2 g3f3 a2a3
thread 0 info score cp -23 depth 5 nodes 94600 time 68 pv e6e7 h1h2 e6e3 e2e3 g3e3
thread 0 info score cp -19 depth 6 nodes 285468 time 209 pv e6f5 b3b7 f7f8 b3b7 f7e6 b7c7
thread 0 info score cp -9 depth 7 nodes 1209476 time 902 pv e6e4 b3b7 g3e3 e1f2 f5f4 e1d2 b7c6
thread 0 info score cp 0 depth 8 nodes 1681300 time 1264 pv e6e4 b3b7 f7f8 h1g1 e4b1 e1e2 b1c2 b7g7
thread 0 info score cp 0 depth 9 nodes 4760074 time 3576 pv e6e4 b3b7 f7f8 h1g1 g3e3 h2h3 f5c5 e1d1 c5d4
thread 0 info score cp 0 depth 10 nodes 17456526 time 13028 pv e6e4 b3b7 f7f8 b7b8 g3e3 e1d2 g3e3 b3b7 f6f5 b7a7
thread 0 info score cp 3 depth 11 nodes 70155271 time 52722 pv e6f5 e1f1 f5f4 f1e1 f4g4 e1f1 g3e3 e3h3 f6f5 e3h3 b1h1
bestmove e6f5
Main thread:thread 0 info score cp 7 depth 1 nodes 215 time 0 pv c2c4
thread 0 info score cp 6 depth 2 nodes 1693 time 1 pv d5e3 f5e4
thread 0 info score cp 6 depth 3 nodes 12314 time 8 pv d5e3 f5e4 g2h3
thread 0 info score cp 4 depth 4 nodes 101333 time 72 pv d5e3 f5e4 g2h3 g7h6
thread 0 info score cp 2 depth 5 nodes 622304 time 444 pv d4d1 f7d7 h6f4 f7d7 b2c3
thread 0 info score cp 2 depth 6 nodes 3656153 time 2689 pv h6d2 f5c2 h6f4 f7e7 a2b3 g7h6
thread 0 info score cp 2 depth 7 nodes 14367353 time 10692 pv h6d2 f5c2 h6f4 a6c6 h6c1 d6f5 a1a2
thread 0 info score cp 3 depth 8 nodes 69663457 time 53146 pv d5b4 a5b4 d4d6 f5d7 g2f3 g7h6 h4g4 a6h6
thread 0 info score cp 2 depth 9 nodes 198309493 time 153222 pv h6d2 f5c2 f4e6 c7c5 d4g4 b7a6 g2f3 f7d7 d4b4
thread 0 info score cp 7 depth 10 nodes 829555042 time 637431 pv d5b4 a5b4 d4d6 f5d7 d6d5 f5g3 e1e8 g8g7 h6g5 c8a7
