ms1table
mask
reset masks and magics
rank file and diag masks
gen sliding attacks
attack bitmaps
evaluate masks
init hashtable with 2666666 entries
Main thread:thread 0 info score cp 8 depth 1 nodes 68 time 1 pv f1f2
thread 0 info score cp 6 depth 2 nodes 355 time 1 pv f1f2 e8c8
thread 0 info score cp 8 depth 3 nodes 2543 time 5 pv f1f2 e8e7 f3f7
thread 0 info score cp 8 depth 4 nodes 17442 time 27 pv f1f2 a8a7 f5e7 g7g6
thread 0 info score cp 7 depth 5 nodes 124717 time 145 pv f1f2 b8c7 f1d1 a8d8 h1f1
thread 0 info score cp 8 depth 6 nodes 344228 time 317 pv f1f2 g7h6 f3f7 g8h7 f5e4 b8e5
thread 0 info score cp 7 depth 7 nodes 1870053 time 1406 pv f1f2 b8c7 f1d1 e5b2 f3f7 e5b2 h1h4
thread 0 info score cp 7 depth 8 nodes 5806923 time 4320 pv f1f2 e8e7 h1d1 e5c3 c5c2 h6g5 f3f7 e4e8
thread 0 info score cp 7 depth 9 nodes 12613761 time 9309 pv f1f2 b8b7 f5d6 e5b2 f5g7 g3h4 g2f3 e8e4 f1f8
thread 0 info score cp 7 depth 10 nodes 40531955 time 29705 pv f1f2 b8b7 g5g6 e5b2 f5d6 b4a3 f5g7 f4g5 g5h6 f8f6
thread 0 info score cp 7 depth 11 nodes 183380581 time 134138 pv f1f2 b8b7 h5h6 a8a7 f5g7 g7h6 g2g1 e8e4 f5g7 f5f1 g5g6
thread 0 info score cp 7 depth 12 nodes 1328999520 time 980825 pv f1f2 b8b7 h1d1 a8d8 f5d6 a8d8 f3h5 g8h8 f1f4 b8h2 g2f2 e8e4
bestmove f1f2
Main thread:thread 0 info score cp -1 depth 1 nodes 32 time 0 pv d4b2
thread 0 info score cp -2 depth 2 nodes 170 time 0 pv d4b2 f7f5
thread 0 info score cp 0 depth 3 nodes 582 time 0 pv d4b2 f7f5 h1g1
thread 0 info score cp -2 depth 4 nodes 1883 time 1 pv d4b2 b6b5 a4a5 c7d6
thread 0 info score cp -2 depth 5 nodes 4124 time 2 pv d4b2 c7d6 h1g1 f7f5 h2g3
thread 0 info score cp -2 depth 6 nodes 10277 time 6 pv d4c3 b6b5 a4a5 f7f5 f4e5 a4a3
thread 0 info score cp -2 depth 7 nodes 30396 time 18 pv d4c3 b6b5 a4b5 a6b5 f4e5 b6b5 g3f4
thread 0 info score cp -2 depth 8 nodes 87548 time 55 pv d4b2 b6b5 a4b5 e5f4 f3f4 c7d6 f3f4 g8g7
thread 0 info score cp -1 depth 9 nodes 309450 time 193 pv d4e3 b6b5 a4a5 f7f5 h1g1 c7d6 e3d2 d6e7 f3f4
thread 0 info score cp 0 depth 10 nodes 699990 time 445 pv d4c3 b6b5 a4a5 c7b8 a4a5 b6a5 h2g3 g6g5 f1g1 g8g7
thread 0 info score cp 0 depth 11 nodes 2798470 time 1744 pv d4e3 b6b5 a4a5 f7f5 f3f4 a6b5 f3f4 a6b5 f4e5 c7e5 e3d2
thread 0 info score cp 0 depth 12 nodes 6626840 time 4166 pv d4c3 b6b5 a4a5 b6b5 a4a5 f7f5 c3d2 d3d2 a6a7 g8g7 c8b8 h4f6
bestmove d4c3
Main thread:thread 0 info score cp 0 depth 1 nodes 87 time 0 pv f3f4
thread 0 info score cp -1 depth 2 nodes 698 time 1 pv f3f4 h8g8
thread 0 info score cp -1 depth 3 nodes 4575 time 3 pv f3f4 h8g8 g5f7
thread 0 info score cp 0 depth 4 nodes 25378 time 17 pv f3f4 h8g8 g5f7 f8f7
thread 0 info score cp -1 depth 5 nodes 163445 time 109 pv f3f4 c7b7 g5f7 f8f7 g5f7
thread 0 info score cp 0 depth 6 nodes 595496 time 405 pv e5e1 f8c8 h5e5 f7e6 h4g5 f8d8
thread 0 info score cp 0 depth 7 nodes 2886345 time 1982 pv f3f4 f8c8 g5f7 f8f7 e6c7 f7f5 c7e6
thread 0 info score cp 0 depth 8 nodes 7554040 time 5227 pv h1g1 h8g8 g5f7 f8f7 h5e5 a5c4 c7b5 c6b5
thread 0 info score cp -2 depth 9 nodes 35438658 time 24722 pv h1g1 a5b7 g5f7 f8f7 g5f7 h8g8 g5f3 c7c3 g5f3
thread 0 info score cp -2 depth 10 nodes 153618539 time 108838 pv h1g1 a5b7 g5f7 f8f7 h5e5 f7e6 e5b5 f8d8 h1g1 h8g8
thread 0 info score cp 6 depth 11 nodes 427051120 time 303080 pv e5e6 h8g8 e6h6 c7f7 g5f7 f7f8 a5e5 d3c2 g5f7 f7f3 h1g1
