ms1table
mask
reset masks and magics
rank file and diag masks
gen sliding attacks
attack bitmaps
evaluate masks
init hashtable with 2666666 entries
Main thread:thread 0 info score cp 8 depth 1 nodes 106 time 0 pv f1f2
thread 0 info score cp 6 depth 2 nodes 637 time 1 pv f1f2 e5b2
thread 0 info score cp 8 depth 3 nodes 4576 time 5 pv f1f2 e8e7 f3f7
thread 1 info score cp 8 depth 4 nodes 29849 time 24 pv f1f2 a8a7 f5e7 g7g6
thread 0 info score cp 7 depth 5 nodes 148421 time 96 pv f1f2 a8a7 f5g7 a8d8 h1f1
thread 0 info score cp 8 depth 6 nodes 575994 time 283 pv f1f2 e8e7 f3f7 g8h7 f5e4 b8e5
thread 1 info score cp 7 depth 7 nodes 2974255 time 1163 pv f1f2 b8b7 f1d1 e5b2 g5h6 e8e4 c5c1
thread 0 info score cp 7 depth 8 nodes 9371456 time 3561 pv f1f2 b8b7 f5g7 e5b2 f5g7 e8e4 f5g7 c1g5
thread 0 info score cp 7 depth 9 nodes 40692744 time 15328 pv f1f2 b8b7 h1d1 e5b2 f5g7 e8e5 d3a6 e5b2 g5h6
thread 0 info score cp 12 depth 11 nodes 124632666 time 47382 pv f5g7 e8e7 g7f5 b8b7 f2f7 e5b2 b2c3 b8g3 b2a3 e8e4 g5f6
bestmove f5g7
Main thread:thread 1 info score cp -1 depth 1 nodes 32 time 0 pv d4b2
thread 1 info score cp -2 depth 2 nodes 324 time 0 pv d4b2 f7f5
thread 0 info score cp 0 depth 3 nodes 932 time 0 pv d4b2 f7f5 h1g1
thread 1 info score cp -2 depth 4 nodes 3080 time 1 pv d4b2 b6b5 a4a5 d6b4
thread 1 info score cp -2 depth 5 nodes 10108 time 3 pv d4a1 b6b5 a4b5 a6b5 f4e5
thread 0 info score cp -2 depth 6 nodes 14441 time 4 pv d4b2 b6b5 a4b5 a6b5 f4e5 b6a5
thread 1 info score cp -2 depth 7 nodes 42728 time 13 pv d4b2 f7f5 a4a5 b6b5 g3f4 g6g5 e3g5
thread 1 info score cp -2 depth 8 nodes 176868 time 56 pv d4c3 f7f5 f3f4 b6b5 a4a5 b6a5 a1b2 b6b5
thread 0 info score cp -1 depth 9 nodes 432570 time 142 pv d4e3 b6b5 a4a5 f7f5 a4b5 b5a4 f4e5 c7a5 e3b6
thread 1 info score cp 0 depth 10 nodes 1053733 time 350 pv d4c3 b6b5 a4a5 c7b8 a4a5 a6b5 a4b5 c7f4 h1g1 f7f5
bestmove d4c3
Main thread:thread 1 info score cp 0 depth 1 nodes 196 time 1 pv f3f4
thread 0 info score cp -1 depth 2 nodes 1259 time 1 pv f3f4 h8g8
thread 1 info score cp -1 depth 3 nodes 8183 time 3 pv f3f4 h8g8 g5e4
thread 1 info score cp 0 depth 4 nodes 50386 time 18 pv f3f4 h8g8 g5f7 f8f7
thread 0 info score cp -1 depth 5 nodes 271933 time 95 pv f3f4 c7b7 d3h7 g8h8 g5f7
thread 1 info score cp 0 depth 6 nodes 1022759 time 362 pv e5e1 h8g8 d3h7 g8h8 h4g5 f8d8
thread 1 info score cp 0 depth 7 nodes 5308358 time 1903 pv f3f4 h8g8 g5f7 c6e4 e6c7 f7f5 c7e6
thread 0 info score cp 0 depth 8 nodes 9718371 time 3481 pv h1g1 h8g8 g5f7 f8f7 f3e4 h6g5 c7b5 e7e6
thread 1 info score cp -2 depth 9 nodes 64554210 time 23572 pv h1g1 a5b7 d3h7 f8e8 f3e4 f8e8 g4f5 h8g8 g4f5
thread 1 info score cp -2 depth 10 nodes 280508595 time 102838 pv h1g1 a5b7 g5f7 f8f7 h5e5 h8h7 e5h5 e5f4 g5f7 c7g3
bestmove h1g1
Main thread:thread 0 info score cp 23 depth 1 nodes 89 time 0 pv d2e1
thread 1 info score cp 29 depth 2 nodes 1098 time 0 pv d2e1 a1b2
thread 0 info score cp 29 depth 3 nodes 4205 time 1 pv d2e1 a1b2 d3d2
thread 1 info score cp 32 depth 4 nodes 42198 time 15 pv d2e1 a2a4 d3d2 g2f1
thread 0 info score cp 33 depth 5 nodes 68268 time 24 pv d2e1 a2a7 d3d6 a1b2 e1f2
thread 1 info score cp 35 depth 6 nodes 375808 time 126 pv d2e1 a2a7 d3b5 b2c1 g3h4 b4b5
thread 0 info score cp 34 depth 7 nodes 2074761 time 702 pv d2e1 a2a7 d3d6 b2c1 g3h4 h3h4 g7g5
thread 1 info score cp 37 depth 8 nodes 6509610 time 2219 pv d2e1 a2a7 d3d6 h4h5 g3e1 a5b4 g3f3 g4h4
thread 1 info score cp 36 depth 9 nodes 25023963 time 8683 pv d2e1 a2a7 d3g3 g2f1 f6e5 b8c7 a2a1 a2b3 d6d2
thread 0 info score cp 38 depth 10 nodes 146034227 time 51304 pv d2e1 a2a7 d3d2 g2f1 d3e2 g2h3 h8g8 f3g2 f8d8 g2g1
bestmove d2e1
Main thread:thread 0 info score cp 89 depth 1 nodes 96 time 1 pv d8f6
thread 1 info score cp 89 depth 2 nodes 115 time 1 pv c6f3 d1c1
thread 1 info score cp 95 depth 3 nodes 1549 time 1 pv b5a4 d1c2 b4b3
thread 1 info score cp 88 depth 4 nodes 8954 time 2 pv c6f3 d1c2 c6e4 c2b2
thread 0 info score cp 87 depth 5 nodes 35991 time 9 pv c6d7 d1e2 d7g4 e2f1 d8g5
thread 1 info score cp 87 depth 6 nodes 186249 time 47 pv c6d7 d1c2 d8a5 e1e2 d8f6 d1c2
thread 1 info score cp 86 depth 7 nodes 844511 time 219 pv b5b4 d1e2 d7g4 e2d3 c6a4 f2e3 e7f6
thread 0 info score cp 86 depth 8 nodes 6906241 time 1846 pv b5a6 d1e2 c6b5 e2f2 d8f6 d1c2 c6b5 e2e3
thread 1 info score cp 86 depth 9 nodes 7648994 time 2048 pv b5a6 d1e2 c6b5 e2f3 d8g5 d2d1q b5a4 c2d3 c6g2
thread 0 info score cp 85 depth 10 nodes 26508939 time 7076 pv b5a6 d1e1 d8a5 e1d1 e8h5 d2d1q d8h4 d2d1b h4f6 d1e1
bestmove b5a6
Main thread:thread 0 info score cp 8 depth 1 nodes 271 time 0 pv d8d7
thread 1 info score cp 5 depth 2 nodes 649 time 0 pv h7h6 h5h6
thread 1 info score cp 5 depth 3 nodes 5886 time 2 pv d8d7 h5f5 b7c6
thread 1 info score cp 2 depth 4 nodes 34594 time 12 pv d8d7 h2h3 h8g8 f5d5
thread 0 info score cp 1 depth 5 nodes 124737 time 44 pv d8d7 h5f5 c6a5 c4a4 b7c6
thread 1 info score cp 1 depth 6 nodes 451399 time 165 pv d8d7 h2h3 g4f4 c4c5 d5a5 h2h3
thread 1 info score cp 1 depth 7 nodes 1486324 time 543 pv d8d7 h2h3 g4f4 h5g5 b7c6 h5h4 g4e4
thread 0 info score cp 0 depth 8 nodes 4908033 time 1822 pv d8d7 h5f5 c6a5 c4a4 a5c4 h5h4 b7c6 h7f7
thread 1 info score cp 1 depth 9 nodes 8433302 time 3123 pv d8d7 h2h3 b8a7 c4d4 d8d4 c3d4 f2f1q d1d2 f1f4
thread 0 info score cp 2 depth 10 nodes 24666290 time 9187 pv e4e3 c4g4 e4e3 c4g4 b7c6 c3d4 b8c7 f2g3 c7c6 h5h7
bestmove e4e3
Main thread:thread 0 info score cp -8 depth 1 nodes 156 time 0 pv c6c2
thread 1 info score cp -10 depth 2 nodes 910 time 0 pv b6c4 h6g5
thread 0 info score cp -10 depth 3 nodes 6673 time 3 pv c6c8 h6g5 e7e2
thread 1 info score cp -10 depth 4 nodes 44092 time 17 pv c6c2 h6g5 e6a2 g1f1
thread 0 info score cp -9 depth 5 nodes 112343 time 42 pv c6c2 d4d8 e7d8 d4d8 e8c6
thread 1 info score cp 0 depth 6 nodes 392319 time 150 pv c6d6 d4d6 b6c4 b2b3 e7e3 g1f1
thread 1 info score cp 0 depth 7 nodes 547551 time 210 pv c6d6 d4d6 e7e3 g1f1 e3f3 g3f4 e7h4
thread 1 info score cp 0 depth 9 nodes 1393910 time 543 pv c6d6 d4d6 e7e3 g1f1 e3f3 h6f4 g8f7 h6f4 e3f3
thread 0 info score cp 0 depth 10 nodes 13638516 time 5276 pv c6d6 d4d6 e7e3 g1f1 e3f3 f4e5 e2d1 d8b6 g8f7 a2a4
bestmove c6d6
Main thread:thread 0 info score cp 1 depth 1 nodes 264 time 1 pv c4e6
thread 1 info score cp 1 depth 2 nodes 975 time 1 pv c4e6 c8c7
thread 1 info score cp 0 depth 3 nodes 6933 time 3 pv c4e6 c8b8 c4e6
thread 0 info score cp 0 depth 4 nodes 26620 time 10 pv d6d8 c8d8 e6d7 d8d7
thread 1 info score cp 1 depth 5 nodes 83135 time 31 pv c4e6 c8c7 d6d8 e8d8 c4e6
thread 1 info score cp 1 depth 6 nodes 265644 time 98 pv c4e6 c8c7 d6d8 e8d8 c4e6 a4d7
thread 0 info score cp 1 depth 7 nodes 1018510 time 379 pv c4e6 c8c7 d6d8 e8d8 c4e6 a4d7 a1a4
thread 1 info score cp 0 depth 8 nodes 1877923 time 698 pv d6e6 e8e6 c4e6 c8c7 a2e6 a4d7 a1a4 e8d8
thread 1 info score cp 0 depth 9 nodes 7209560 time 2731 pv d6e6 c6e4 g1c5 e4g2 c5b6 g2h3 g1c5 h6g4 a3g3
thread 0 info score cp 0 depth 10 nodes 30707070 time 11469 pv d6e6 e8e6 c4e6 d8e8 f4g5 e8e4 b2b3 e4e1 c5d4 c6a4
bestmove d6e6
Main thread:thread 0 info score cp -3 depth 1 nodes 400 time 1 pv a8f8
thread 1 info score cp -2 depth 2 nodes 625 time 1 pv c4d3 f4d3
thread 1 info score cp -2 depth 3 nodes 5797 time 3 pv c4d3 f4d3 a5c4
thread 0 info score cp -1 depth 4 nodes 21668 time 9 pv a8f8 d3c4 a5c4 f4d3
thread 1 info score cp -1 depth 5 nodes 61323 time 26 pv g6g5 d3c4 a5c4 f4d5 a5c4
thread 1 info score cp -1 depth 6 nodes 320959 time 123 pv g6g5 d3c4 a5c4 f4d5 a8f8 f1g1
thread 0 info score cp -2 depth 7 nodes 751834 time 288 pv c5d4 c3d4 a5c4 f1e2 f7d5 d5e3 g5f4
thread 1 info score cp 1 depth 8 nodes 2893706 time 1104 pv g6g5 d3c4 a5c4 f4d3 c5c4 d3f2 g7e5 e3g5
thread 1 info score cp 1 depth 9 nodes 14522224 time 5505 pv g6g5 d3c4 g6g5 e5e6 f7f6 d3e4 c4e3 f4e6 f7e6
thread 0 info score cp 1 depth 10 nodes 35373280 time 13327 pv g6g5 d3c4 g6g5 e5e6 f7f8 a1d1 g5f4 g6e7 g5f4 e3d4
bestmove g6g5
Main thread:thread 1 info score cp -30 depth 1 nodes 342 time 0 pv c3c4
thread 0 info score cp -29 depth 2 nodes 1941 time 1 pv e3g5 f6d5
thread 1 info score cp -29 depth 3 nodes 20981 time 8 pv e3g5 f6d5 c2b3
thread 0 info score cp -24 depth 4 nodes 83638 time 31 pv e3g5 f6d5 c3c4 d5d2
thread 1 info score cp -24 depth 5 nodes 149848 time 57 pv e3g5 f6d5 c2g6 e7f6 g1g7
thread 0 info score cp -22 depth 6 nodes 1598580 time 623 pv e3g5 c8f8 b3c4 b5c4 c2b3 b4a3
thread 1 info score cp -20 depth 7 nodes 2412588 time 945 pv e3g5 b7d5 c3c4 d5d2 g5d2 a5c4 d2d3
thread 0 info score cp -20 depth 8 nodes 6090746 time 2338 pv e3g5 b7d5 c3c4 c7e7 h6g7 g8f7 g7f6 f6d5
thread 1 info score cp -19 depth 9 nodes 54876556 time 21739 pv e3h6 e7d8 h6g5 b7d5 c3c4 d8f6 g1g3 f6g4 h6g7
thread 0 info score cp 0 depth 10 nodes 122048830 time 48574 pv g1g7 g8g7 g1g7 f6d5 g1g7 g8f8 f5c8 c7c8 g1g7 e7g5
bestmove g1g7
Main thread:thread 1 info score cp -4 depth 1 nodes 563 time 0 pv h3h5
thread 0 info score cp -5 depth 2 nodes 1323 time 1 pv h3h5 e1d3
thread 0 info score cp -4 depth 3 nodes 11858 time 5 pv h3h5 e2a6 e6e4
thread 1 info score cp -4 depth 4 nodes 40837 time 16 pv h3h5 e2a6 e6e4 g1g2
thread 0 info score cp -3 depth 5 nodes 211580 time 77 pv h3h5 e2a6 c8c7 d4b2 c6d5
thread 0 info score cp -2 depth 6 nodes 838214 time 324 pv h3h5 g2e4 f5e4 d4b2 c6c5 d4c5
thread 0 info score cp 1 depth 8 nodes 1806302 time 711 pv h3h2 g1h2 e4g3 e2d1 e6h6 g2h3 h6h3 d4f6
thread 1 info score cp 2 depth 9 nodes 5137104 time 2013 pv h3h2 g1h2 e4g3 e2d1 e6h6 g2d5 h6h3 g1f2 c8e8
thread 0 info score cp 12 depth 10 nodes 31485447 time 12113 pv h3h2 g1h2 c3e2 g1f2 e2c1 g2h3 g4h3 g2h3 e2c1 f1f5
bestmove h3h2
Main thread:thread 0 info score cp -21 depth 1 nodes 482 time 0 pv e6e7
thread 1 info score cp -21 depth 2 nodes 1005 time 0 pv e6e7 b3c3
thread 0 info score cp -23 depth 3 nodes 7644 time 3 pv e6e7 h1h2 g3f3
thread 1 info score cp -23 depth 4 nodes 56450 time 21 pv e6e7 h1h2 g3e3 b3e3
thread 0 info score cp -23 depth 5 nodes 181231 time 67 pv e6e7 h1h2 e6e3 e2e3 g3e3
thread 1 info score cp -19 depth 6 nodes 552987 time 208 pv e6f5 b3b7 f7f8 b3b7 e4f4 c5b6
thread 0 info score cp -9 depth 7 nodes 745927 time 284 pv e6e4 b3b7 f7f8 b7b8 e4b1 e1e2 b7c6
thread 1 info score cp 0 depth 8 nodes 8855927 time 3428 pv e6e4 b3b7 f7f8 b7b8 f8f7 b7b8 g8f7 b8b7
thread 0 info score cp 0 depth 9 nodes 13459875 time 5239 pv e6e4 b3b7 f7f8 e2h2 e4b1 h1g1 f4b4 e3e4 d4f4
thread 0 info score cp 0 depth 10 nodes 53926225 time 20960 pv e6f5 e1f1 f5f4 f1e1 g4f4 e3f3 f7e7 b3b7 f6f5 e1d1
bestmove e6f5
Main thread:thread 0 info score cp 7 depth 1 nodes 423 time 0 pv c2c4
thread 1 info score cp 6 depth 2 nodes 3040 time 1 pv d5e3 f5e4
thread 0 info score cp 6 depth 3 nodes 23350 time 9 pv d5e3 f5e4 g2h3
thread 1 info score cp 4 depth 4 nodes 189924 time 72 pv d5e3 f5e4 c2d3 g7h6
thread 0 info score cp 2 depth 5 nodes 1096389 time 414 pv d4d1 f7d7 h6f4 f7d7 a2b3
thread 1 info score cp 2 depth 6 nodes 6426366 time 2463 pv h6d2 f5c2 g3f3 f5g6 d4d1 d6f5
thread 1 info score cp 2 depth 7 nodes 27860815 time 10846 pv h6d2 f5c2 g3f3 a6c6 e3c2 d6f5 e3f5
thread 0 info score cp 3 depth 8 nodes 97612121 time 38824 pv d5b4 a5b4 d4d6 f7g7 g2h3 g7h6 g2h3 f7g7
thread 1 info score cp 2 depth 9 nodes 409745400 time 162435 pv h6d2 f5c2 d5c3 f6f5 h6d2 a6c6 e1e4 f6f5 b6d7
thread 1 info score cp 7 depth 10 nodes 1949671608 time 777403 pv d5b4 a5b4 d4d6 f5d7 d6d5 f7e7 g3g7 e7g7 d4d5 g8h8
bestmove d5b4
Main thread:thread 1 info score cp 13 depth 1 nodes 302 time 1 pv d3b5
thread 0 info score cp 13 depth 2 nodes 1357 time 1 pv d3b5 a6b5
thread 1 info score cp 15 depth 3 nodes 3918 time 2 pv f6d8 f8d8 h3f3
thread 1 info score cp 15 depth 5 nodes 24561 time 9 pv d3b5 a6b5 h3d3 f8d8 f6d8
thread 1 info score cp 15 depth 6 nodes 124729 time 48 pv f6d8 f8d8 g4f4 g7f5 h3f3 g7f5
thread 0 info score cp 15 depth 7 nodes 196992 time 74 pv d3b5 a6b5 h3d3 f8d8 h3h6 h7h6 f6d8
thread 1 info score cp 15 depth 8 nodes 584846 time 220 pv f6d8 f8d8 h3f3 d8c8 f6d8 f8d8 e7f8 g8f8
thread 0 info score cp 15 depth 9 nodes 6039399 time 2276 pv d3b5 a6b5 a3b4 d8c8 a4b5 h7h5 d4c5 b5a4 b4c5
thread 1 info score cp 16 depth 10 nodes 22240970 time 8542 pv d3d2 g7f5 g4f4 g8h7 g4h4 g7h5 h4h5 g8h7 e7d8 f5g7
bestmove d3d2
Main thread:thread 1 info score cp 9 depth 1 nodes 91 time 1 pv c2c4
thread 0 info score cp 9 depth 2 nodes 596 time 1 pv h4g6 h8h7
thread 0 info score cp 10 depth 3 nodes 3184 time 2 pv g1g6 e8f8 d1g1
thread 1 info score cp 10 depth 4 nodes 11212 time 5 pv g1g8 h8g8 d1g1 e8f8
thread 0 info score cp 9 depth 5 nodes 11421 time 5 pv g1g8 h8g8 h4g6 c7c5 d2g2
thread 1 info score cp 10 depth 6 nodes 131921 time 52 pv g1g6 g8g6 g1g6 d6e7 g1g6 e8f7
thread 0 info score cp 10 depth 7 nodes 192923 time 76 pv h4f3 d6f8 g1g8 h8g8 d1g1 h7g7 h4g6
thread 1 info score cp 13 depth 8 nodes 527570 time 207 pv h4g6 h8h7 g1g4 g8g7 d1g1 g7d7 g6f6 d6e7
thread 0 info score cp 13 depth 9 nodes 2045909 time 800 pv h4g6 h8h7 g1g4 e8f7 d1g1 g8g5 b2a3 e8f8 c4d6
thread 1 info score cp 13 depth 10 nodes 2989665 time 1157 pv h4g6 h8h7 g1g4 e8f7 d1g1 g8d8 f3h2 e8f7 c2c3 c7c5
bestmove h4g6
Main thread:thread 0 info score cp 59 depth 1 nodes 114 time 0 pv c5c4
thread 1 info score cp 59 depth 2 nodes 425 time 1 pv c5c4 c2h7
thread 1 info score cp 57 depth 3 nodes 2447 time 1 pv c5c4 c2h7 g8f8
thread 0 info score cp 52 depth 4 nodes 10094 time 5 pv c5c4 c2h7 g8f8 h7h8
thread 1 info score cp 50 depth 5 nodes 32700 time 13 pv c5c4 c2h7 g8f8 h7h8 c8e6
thread 0 info score cp 50 depth 6 nodes 140050 time 59 pv c5c4 c2h7 g8f8 h7h8 c2b2 a4c4
thread 1 info score cp 46 depth 7 nodes 191669 time 80 pv c5c4 c2h7 g8f8 h7h8 c2b2 a4c4 c8e6
thread 0 info score cp 26 depth 8 nodes 3708806 time 1452 pv g7g6 c4c5 c5c2 c1e3 d7e6 c1e3 d6c5 e3c5
thread 0 info score cp 27 depth 9 nodes 8357399 time 3278 pv g7g6 c4c5 c5c2 c1e3 e5e1 g1f2 c8e6 c1b2 e6a2
thread 0 info score cp 27 depth 11 nodes 69042505 time 26644 pv g7g6 c4c5 c5c2 c1e3 e5e1 g1f2 c6c4 f4c7 a5a4 b2g7 f8e7
bestmove g7g6
Main thread:thread 1 info score cp -18 depth 1 nodes 303 time 0 pv h4f4
thread 1 info score cp -18 depth 2 nodes 1465 time 1 pv h4f4 d6f4
thread 0 info score cp -18 depth 3 nodes 10522 time 4 pv h4f4 d6f4 c1c5
thread 1 info score cp -19 depth 4 nodes 41542 time 16 pv h4f4 d6f4 c1c5 d6f4
thread 0 info score cp -20 depth 5 nodes 90970 time 36 pv h4f4 d6f4 c1c5 d7d6 b1d3
thread 1 info score cp -16 depth 6 nodes 1518816 time 595 pv g2f1 e8e6 d3e4 c6b5 d2b2 e8e6
thread 0 info score cp -18 depth 7 nodes 3190287 time 1213 pv g2f1 e8e6 d3e4 c6b5 c1c7 d7c7 f6b2
thread 1 info score cp -19 depth 8 nodes 6872341 time 2576 pv h4f4 d6f4 h4h5 e8e1 d2d3 e6f6 c1c6 b5b4
thread 0 info score cp -19 depth 9 nodes 53359942 time 20815 pv h4f4 d6f4 h1e1 d6f4 d5e6 d3c1 b1b2 d6e7 f6d4
thread 1 info score cp -19 depth 10 nodes 85989474 time 33762 pv h4f4 d6f4 h1e1 d6f4 d5e6 d3c1 c1g5 e6e1 f4f6 d6f4
bestmove h4f4
Main thread:thread 1 info score cp -57 depth 1 nodes 31 time 0 pv e4f3
thread 0 info score cp -60 depth 2 nodes 230 time 0 pv e4f3 d4d3
thread 1 info score cp -56 depth 3 nodes 427 time 0 pv e4f3 d4d3 f3g2
thread 0 info score cp -55 depth 4 nodes 1135 time 0 pv e4f3 h2g1 f3g2 d3d2
thread 1 info score cp -54 depth 5 nodes 6427 time 2 pv e4f3 h2g1 f4g3 d4d3 d5e6
thread 0 info score cp -56 depth 6 nodes 7373 time 2 pv e4f3 h2g1 f3g2 g1e3 g3h4 e6d5
thread 0 info score cp -55 depth 7 nodes 25739 time 7 pv e4f3 h2g1 f3g2 g1e3 d5e6 d1d2 e6e7
thread 0 info score cp -57 depth 9 nodes 224128 time 60 pv e4f3 h2g1 f3g2 g1e3 a4a5 d2e3 d5e6 d1e2 d5e6
thread 0 info score cp -67 depth 10 nodes 1400307 time 381 pv e4d4 h2g3 d4e3 h5h4 d4e3 h5h4 g4h3 d3d2 g4f4 d4d3
bestmove e4d4
Main thread:thread 1 info score cp -9 depth 1 nodes 1216 time 0 pv g2f1
thread 0 info score cp -9 depth 2 nodes 2524 time 1 pv g2f1 g7e5
thread 1 info score cp -9 depth 3 nodes 6583 time 2 pv g2f1 g7e5 g2f1
thread 1 info score cp -8 depth 4 nodes 36060 time 13 pv g2f1 a1f1 g8g7 a1f1
thread 0 info score cp -8 depth 5 nodes 65565 time 23 pv g2f1 a1f1 g8g7 a1f1 g2f1
thread 1 info score cp -4 depth 6 nodes 329743 time 121 pv g2f1 a1f1 g2f1 a1f1 h3g4 c4d5
thread 1 info score cp -4 depth 7 nodes 1343012 time 511 pv g2f1 a1f1 g2f1 a1f1 h3g4 e4d5 f1d3
thread 0 info score cp -4 depth 8 nodes 2644746 time 1009 pv g2f1 a1f1 g2f1 a1f1 h3g4 b4e7 g7g8 g1g2
thread 1 info score cp -4 depth 9 nodes 9508795 time 3780 pv g2f1 a1f1 g2f1 a1f1 h5f6 g1f1 h3g3 d2h6 h3h6
thread 1 info score cp -4 depth 10 nodes 38404738 time 15044 pv g2f1 a1f1 e5f4 f1e1 g6g5 a5a6 h3g3 a1f1 d8d5 d5f6
bestmove g2f1
Main thread:thread 1 info score cp 9 depth 1 nodes 162 time 0 pv a1c1
thread 0 info score cp 5 depth 2 nodes 1410 time 1 pv h6c1 b2c1
thread 1 info score cp 5 depth 3 nodes 9962 time 4 pv h6c1 b2c1 a1c1
thread 1 info score cp 5 depth 4 nodes 69746 time 26 pv f3g5 f8e8 e1a1 c5d4
thread 0 info score cp 10 depth 5 nodes 266383 time 97 pv f3g5 b2g7 e1a1 a8e8 g5c5
thread 0 info score cp 10 depth 6 nodes 608039 time 222 pv f3g5 b2g7 h6g7 b2g7 g5c5 b3b2
thread 0 info score cp 9 depth 7 nodes 2076812 time 768 pv f3g5 b2g7 h6d2 c2e4 f3d4 b6d7 c7d8
thread 1 info score cp 10 depth 8 nodes 12153575 time 4603 pv f3g5 b2g7 a1c1 a8d8 c1c2 f8c8 c2c1 a8e8
thread 0 info score cp 8 depth 9 nodes 22736770 time 8855 pv h6c1 b2c1 a1c1 c2e4 f3g5 e4d5 f3e1 d8e8 e1g2
thread 1 info score cp 7 depth 10 nodes 71037492 time 27799 pv f3g5 b2g7 e1a1 c5d4 h6d2 d4d3 e2d3 c2d3 d2d3 a8e8
bestmove f3g5
Main thread:thread 1 info score cp 1 depth 1 nodes 144 time 0 pv g3e5
thread 0 info score cp 0 depth 2 nodes 2064 time 0 pv c2a4 f8d8
thread 1 info score cp -1 depth 3 nodes 13032 time 4 pv c2e2 a8d8 c4d3
thread 1 info score cp -1 depth 4 nodes 115025 time 43 pv c2e2 a8d8 c4d5 c6d5
thread 0 info score cp 0 depth 5 nodes 300299 time 116 pv c2e2 a8d8 c4d5 a8d8 g3h4
thread 1 info score cp -1 depth 6 nodes 2546342 time 1038 pv c2e2 a8d8 c2g6 g8h8 c2g6 g8f8
thread 1 info score cp 0 depth 7 nodes 6214493 time 2548 pv c2e4 f8d8 c2c4 f7e6 c4e2 a8e8 d3g6
thread 0 info score cp 5 depth 8 nodes 15221371 time 6282 pv b2b4 c5b4 c4d5 c6d5 c2c7 b4c2 a3b4 c5b4
thread 1 info score cp 5 depth 9 nodes 26551788 time 11013 pv b2b4 c5b4 c4d5 e3c2 e1e7 a8e8 e1e8 f7f5 d1d6
thread 1 info score cp 8 depth 10 nodes 148723522 time 62476 pv b2b4 c5b4 c4d5 e3c2 e1e7 b7c8 d1d8 a8c8 d6f8 c3b1
bestmove b2b4
Main thread:thread 1 info score cp 1 depth 1 nodes 451 time 1 pv g5f6
thread 0 info score cp 1 depth 2 nodes 730 time 1 pv g5f6 g7f6
thread 1 info score cp 1 depth 3 nodes 3779 time 2 pv g5f6 g7f6 d1d5
thread 1 info score cp -1 depth 4 nodes 17848 time 8 pv g5f6 g7f6 d1d5 c8e6
thread 0 info score cp -1 depth 5 nodes 102542 time 43 pv g5f6 g7f6 a4b5 c8d7 b5b7
thread 1 info score cp 0 depth 6 nodes 152185 time 65 pv g5f6 g7f6 d1d5 b4c3 b2c3 c8f5
thread 1 info score cp 0 depth 7 nodes 859788 time 365 pv g5f6 g7f6 d1d5 b4c3 b2c3 h8g8 e2c3
thread 0 info score cp 0 depth 8 nodes 1171356 time 495 pv g5f6 g7f6 d1d5 b4c3 b2c3 h8g8 g5e7 c3b2
thread 0 info score cp 0 depth 9 nodes 5563728 time 2366 pv g5f6 g7f6 d1d5 g7f6 d1c2 g7f6 g5e7 c3b2 c1b2
thread 0 info score cp 0 depth 10 nodes 17571189 time 7510 pv g5f6 g7f6 d1d5 g7f6 a1c1 h8g8 g5e7 f6g4 g5e7 g7f6
bestmove g5f6
Main thread:thread 1 info score cp -33 depth 1 nodes 112 time 0 pv g7f8
thread 0 info score cp -33 depth 2 nodes 571 time 0 pv g7f8 g8f8
thread 1 info score cp -33 depth 3 nodes 3862 time 1 pv g7f8 g8f8 g7f8
thread 1 info score cp -33 depth 5 nodes 26942 time 10 pv g7f8 g8f8 d4h8 g8f8 a2a3
thread 1 info score cp -33 depth 6 nodes 121904 time 45 pv g7f8 g8f8 d4h8 f8e7 d2d1 f8e8
thread 0 info score cp -28 depth 7 nodes 722480 time 272 pv g7h6 f7f6 h6f8 g8f8 d4h8 f7f6 d4b2
thread 0 info score cp -28 depth 8 nodes 1986945 time 753 pv g7h6 f7f6 h6f8 g8f8 d4f6 f8g8 a2a3 a2b3
thread 1 info score cp -24 depth 9 nodes 10659135 time 4062 pv g7h6 f7f6 h6f8 g8f8 f6b2 f7f6 h5g6 g8h8 g6e4
thread 0 info score cp -6 depth 10 nodes 32957068 time 12443 pv g7f8 g8f8 d4b2 f7f6 h8f6 f7f6 f2f4 a1b2 f2f4 a8a6
bestmove g7f8
Main thread:thread 0 info score cp 2 depth 1 nodes 188 time 0 pv a8a5
thread 1 info score cp 3 depth 2 nodes 636 time 1 pv a8a5 h1h2
thread 1 info score cp 3 depth 3 nodes 3091 time 1 pv a8a5 h1h2 d2b3
thread 0 info score cp 3 depth 4 nodes 16855 time 6 pv a8a5 d4e5 d2b3 h1h2
thread 1 info score cp 4 depth 5 nodes 63887 time 22 pv a8a5 d4e5 d2b3 h1h2 h7d7
thread 1 info score cp 1 depth 6 nodes 378820 time 126 pv g5g6 h7g6 d2b3 h2e5 a7d7 h1b1
thread 0 info score cp 4 depth 7 nodes 1178304 time 391 pv a8a7 d7d6 d2b3 d4d5 h7h3 e5d6 h7h3
thread 1 info score cp 3 depth 8 nodes 4436342 time 1476 pv a8a7 h1g2 d2b3 d4d5 h7h3 d5g2 e2f1 d7d5
thread 1 info score cp 2 depth 9 nodes 27090618 time 9145 pv a8a7 h1g2 d2b3 d4c4 d2b3 d4e5 d2c4 c5c4 e2f3
thread 0 info score cp 38 depth 10 nodes 126721932 time 43160 pv g5g6 h1g2 g6h7 d4d5 g6g7 d5c6 f4f3 d5d6 a8a7 d5c4
bestmove g5g6
Main thread:thread 1 info score cp 0 depth 1 nodes 64 time 0 pv f1b5
thread 0 info score cp -1 depth 2 nodes 319 time 0 pv f1b5 e3d2
thread 0 info score cp -1 depth 3 nodes 1975 time 1 pv d6c7 f4e6 g3g2
thread 1 info score cp -1 depth 4 nodes 8632 time 3 pv d6e7 e3d2 g3g2 f4e6
thread 0 info score cp -1 depth 5 nodes 20691 time 7 pv d6c7 f4e6 g3g2 e3f2 e7f8
thread 0 info score cp 0 depth 6 nodes 51242 time 17 pv d6c7 f4e6 c7c8 e3f2 e5g4 f2g1
thread 1 info score cp -1 depth 7 nodes 163442 time 55 pv d6c7 f4e6 g3g2 f4h3 d6c7 d5c4 d4b3
thread 0 info score cp 0 depth 8 nodes 451024 time 148 pv d6c7 e3d2 a5a4 f4d3 g3g2 f5g6 h6f5 e4f5
thread 0 info score cp 0 depth 9 nodes 1416878 time 473 pv d6c7 f4e6 c7c8 e3f2 e5g4 f4g2 d6c7 b3c4 d3e4
thread 1 info score cp 0 depth 10 nodes 4392852 time 1462 pv d6c7 f4e6 c7b8 e3f2 g3g2 f4h3 h6f5 f2g1 f5e7 e6f5
bestmove d6c7
Main thread:thread 1 info score cp 0 depth 1 nodes 119 time 0 pv f1e1
thread 0 info score cp 0 depth 2 nodes 1198 time 0 pv f4f5 g6f5
thread 0 info score cp 0 depth 3 nodes 7401 time 2 pv f4f5 g6f5 d3f5
thread 1 info score cp 0 depth 4 nodes 40414 time 16 pv f4f5 g6f5 d3f5 f6g4
thread 0 info score cp -1 depth 5 nodes 68728 time 26 pv f1c1 c7c1 e3e7 c7e7 a2b3
thread 0 info score cp -1 depth 6 nodes 870714 time 363 pv d2d1 f6e4 e3e7 c7e7 e2g4 h7h6
thread 1 info score cp 0 depth 7 nodes 1000623 time 417 pv f1e1 f6e4 e3e7 c7e7 a3e7 c7c2 a3e7
thread 1 info score cp 0 depth 8 nodes 4927463 time 2004 pv f4f5 g6f5 e3e6 d6f8 e1h4 c8e8 e3e4 c6c2
thread 1 info score cp 0 depth 9 nodes 25874593 time 10711 pv f1e1 f6e4 e3e7 c7e7 a3e7 c7e7 a3e7 c7e7 g1f2
thread 0 info score cp 0 depth 10 nodes 29441090 time 12105 pv f4f5 f6e4 e3e7 c7e7 f1e1 c8c2 a3e7 c7e7 b2a3 c7c2
bestmove f4f5
Main thread:thread 1 info score cp -4 depth 1 nodes 65 time 0 pv f5e4
thread 0 info score cp -4 depth 2 nodes 614 time 0 pv f5e4 c4f1
thread 1 info score cp -4 depth 3 nodes 3015 time 1 pv f5e4 c4e2 e5d6
thread 0 info score cp -4 depth 4 nodes 14169 time 5 pv f5e4 c4e2 e5d6 c4e2
thread 1 info score cp -3 depth 5 nodes 19077 time 7 pv f5e4 c4e2 e4f5 a6b7 e7d8n
thread 1 info score cp -3 depth 6 nodes 79575 time 26 pv f5e4 c4e2 e4f5 d8c8 e7d8r d6d8
thread 0 info score cp -3 depth 7 nodes 169936 time 58 pv f5e4 c4e2 e4h4 a6b7 e7d8r d6d8 h5g6
thread 1 info score cp -3 depth 8 nodes 511274 time 168 pv f5e4 c4e2 e4h4 a7a5 e7d8n d6d8 f2f8 a8f8
thread 0 info score cp -3 depth 9 nodes 2216956 time 774 pv f5e4 d8c8 h2g1 e2h5 e7d8n d6d8 e7d8n d2d8 e5e7
thread 1 info score cp -3 depth 10 nodes 8573982 time 3102 pv f5e4 c4e2 e5e6 c4d5 e5e6 c4b5 e6e7 g8h8 e4c4 g8f8
bestmove f5e4
Main thread:thread 1 info score cp 26 depth 1 nodes 762 time 0 pv f1d1
thread 1 info score cp 26 depth 2 nodes 6311 time 2 pv f1d1 d6h2
thread 0 info score cp 13 depth 3 nodes 59679 time 22 pv e3e4 d6e5 a3b4
thread 1 info score cp 8 depth 4 nodes 346021 time 130 pv f1d1 d6e5 a3b4 a8f3
thread 0 info score cp 8 depth 5 nodes 837906 time 313 pv f1d1 d6e5 a3b4 d6h2 f3h2
thread 1 info score cp 8 depth 6 nodes 3956812 time 1524 pv f1d1 d6e5 a3b4 d6h2 f3h2 a6b5
thread 0 info score cp 8 depth 7 nodes 7984458 time 3069 pv f1d1 d6e5 c3e2 e6e5 f1d1 g7f6 c2c7
thread 0 info score cp 6 depth 8 nodes 60770815 time 23733 pv f1d1 d6e5 a3b4 c7c4 a3b4 a8f3 e4d6 a8f3
thread 0 info score cp 5 depth 9 nodes 210721513 time 83365 pv c3e4 f6e4 a3b4 c7c4 b1d3 g8h7 e2d3 f6h7 c3c7
thread 1 info score cp 5 depth 10 nodes 750633597 time 297201 pv c3e4 f6e4 b1e4 d8d6 a3b4 d6b4 b1f5 f6d7 c1c7 c8c7
bestmove c3e4
Main thread:thread 0 info score cp 23 depth 1 nodes 258 time 0 pv e2f3
thread 1 info score cp 21 depth 2 nodes 1135 time 0 pv e2f3 c8b7
thread 1 info score cp 18 depth 3 nodes 11503 time 4 pv d2e1 b4a2 g1f3
thread 0 info score cp 17 depth 4 nodes 73939 time 28 pv h8d8 g6c2 d2e1 f7g8
thread 1 info score cp 19 depth 5 nodes 283218 time 110 pv h8d8 g6g5 d2e1 g5g2 h8h7
thread 0 info score cp 19 depth 6 nodes 2052378 time 805 pv h8d8 g6c2 d2e1 c2b2 h8h7 g2g7
thread 1 info score cp 20 depth 7 nodes 5332406 time 2133 pv h8d8 h6f5 e2f3 g2g7 h8h7 f7e8 h8h7
thread 0 info score cp 19 depth 8 nodes 20617591 time 8313 pv h8d8 h6f5 d8c7 g2g7 h7b1 g2g7 h2g3 b4a2
thread 1 info score cp 20 depth 9 nodes 173230040 time 70683 pv h8d8 e6e5 g1f3 g8e7 a2a3 b4a6 c7d6 a8a6 b6c7
thread 0 info score cp 20 depth 10 nodes 408969918 time 168127 pv h8d8 e6e5 a2a3 g8e7 h8h7 c8b7 e6d8 h5d1 h1e1 d1g1
bestmove h8d8
Main thread:thread 1 info score cp 1 depth 1 nodes 140 time 0 pv d3d4
thread 0 info score cp 2 depth 2 nodes 751 time 0 pv d3d4 h7h6
thread 0 info score cp 1 depth 3 nodes 5324 time 2 pv d3d4 d6f8 g7g4
thread 1 info score cp 2 depth 4 nodes 19126 time 6 pv d3d4 h7h6 d4e5 d6e5
thread 1 info score cp 1 depth 5 nodes 61178 time 20 pv d3d4 e5d4 b3d4 d6e5 b2a3
thread 1 info score cp 1 depth 6 nodes 187679 time 65 pv b3a5 c6c5 a5c6 h7h6 b2a3 h2f2
thread 0 info score cp 0 depth 7 nodes 633565 time 220 pv e2f1 c6c5 d2f1 h2h3 f1e3 d6f8 b2a3
thread 0 info score cp 0 depth 8 nodes 2119011 time 739 pv e2f1 b5b4 a5c6 h7h6 b2b4 d6e5 g7g8 b8a7
thread 0 info score cp 0 depth 9 nodes 7206692 time 2512 pv e2f1 c6c5 d2f1 h2h3 b3a5 b7a7 b3c5 d7e8 c6e5
thread 1 info score cp 0 depth 10 nodes 20580499 time 7516 pv e2f1 c6c5 a3b4 d6b4 b3c5 d6e5 g7g8 c8b7 d2f1 h2h3
bestmove e2f1
|         bench done         
|----------------------------
|time  : 1835693
|nodes : 4679926299
fail_checksums:0hash cuts:12889588
"Well, you've shown me something today . . . You've shown me that I'm still a threat. 
	- Dalinar Kholin
