ms1table
mask
reset masks and magics
rank file and diag masks
gen sliding attacks
attack bitmaps
evaluate masks
init hashtable with 2666666 entries
Main thread:thread 0 info score cp 8 depth 1 nodes 197 time 1 pv f1f2
thread 1 info score cp 6 depth 2 nodes 1127 time 1 pv f1f2 e5b2
thread 0 info score cp 8 depth 3 nodes 7535 time 3 pv f1f2 e5c3 b3b2
thread 0 info score cp 8 depth 4 nodes 49738 time 18 pv f1f2 e5b2 f5e3 g7g6
thread 0 info score cp 7 depth 5 nodes 255432 time 94 pv f1f2 e5d6 f5e7 a8d8 f3f7
thread 3 info score cp 8 depth 6 nodes 902755 time 266 pv f1f2 e8e7 h1d1 e5b2 h1f1 b5a5
thread 3 info score cp 7 depth 7 nodes 3247823 time 725 pv f1f2 a8a7 f5g7 e8d8 g5h6 a8c8 g2h2
thread 2 info score cp 7 depth 8 nodes 15300775 time 3168 pv f1f2 f7g6 f3b3 e8d8 f5g7 b8e5 f5g7 e8e4
thread 1 info score cp 7 depth 9 nodes 30947449 time 6382 pv f1f2 b8b7 f1f2 b8b7 f5g7 g7h6 f1f4 h6g5 f1f8
thread 0 info score cp 7 depth 10 nodes 110903536 time 23110 pv f1f2 b8b7 g5g6 e8d8 e2b2 b2a3 f5g7 h6g5 h4g5 g7f6
bestmove f1f2
Main thread:thread 1 info score cp -1 depth 1 nodes 80 time 0 pv d4b2
thread 3 info score cp -2 depth 2 nodes 565 time 0 pv d4b2 f7f5
thread 0 info score cp 0 depth 3 nodes 1906 time 0 pv d4b2 f7f5 h1g1
thread 0 info score cp -2 depth 4 nodes 7195 time 1 pv d4b2 b6b5 a4a5 c7d6
thread 3 info score cp -2 depth 5 nodes 14155 time 2 pv d4a1 b6b5 a4b5 a6b5 f4e5
thread 1 info score cp -2 depth 6 nodes 43017 time 7 pv d4b2 f7f5 a4a5 e5e4 g3f4 g3h4
thread 2 info score cp -2 depth 7 nodes 73046 time 12 pv d4b2 b6b5 a4b5 e5d4 f4e5 c7b6 f4e5
thread 3 info score cp -2 depth 8 nodes 302542 time 53 pv d4b2 f7f5 f3f4 b6b5 a4b5 b5a4 f2g3 b6b5
thread 0 info score cp -1 depth 9 nodes 846142 time 152 pv d4e3 b6b5 a4a5 b6b5 f3f4 c7f4 b4a5 b8e5 a4a5
thread 2 info score cp 0 depth 10 nodes 1456270 time 262 pv d4c3 b6b5 a4a5 e5d4 h1g1 f7f5 h1g1 h7h5 f1g1 g8g7
bestmove d4c3
Main thread:thread 1 info score cp 0 depth 1 nodes 283 time 0 pv f3f4
thread 3 info score cp -1 depth 2 nodes 2557 time 1 pv f3f4 h8g8
thread 1 info score cp -1 depth 3 nodes 16200 time 3 pv f3f4 h8g8 g5f7
thread 1 info score cp 0 depth 4 nodes 99799 time 18 pv f3f4 h8g8 g5f7 f8f7
thread 3 info score cp -1 depth 5 nodes 512886 time 97 pv f3f4 c7b7 d3h7 f6e5 g5f7
thread 0 info score cp 0 depth 6 nodes 2282720 time 440 pv e5e1 f8c8 h5e5 f7e6 h4g5 f8d8
thread 1 info score cp 0 depth 7 nodes 9633537 time 1871 pv f3f4 h8g8 g5f7 h8g8 g5f7 f7f5 c7e6
thread 3 info score cp 0 depth 8 nodes 22898249 time 4503 pv h1g1 h8g8 g5f7 f8f7 h5h6 c6f3 c7b5 c6b5
thread 0 info score cp -2 depth 9 nodes 134331431 time 27380 pv h1g1 a5b7 g5f7 f8f7 e6c7 c6a4 h1g1 c6b5 g1f1
thread 3 info score cp -2 depth 10 nodes 497657685 time 100874 pv h1g1 a5b7 d3h7 g8h8 h7d3 f4b4 e3f3 d6f5 g5f7 c7c2
bestmove h1g1
Main thread:thread 3 info score cp 23 depth 1 nodes 160 time 0 pv d2e1
thread 2 info score cp 29 depth 2 nodes 3103 time 1 pv d2e1 a1b2
thread 0 info score cp 29 depth 3 nodes 6509 time 2 pv d2e1 a1b2 d3d2
thread 0 info score cp 32 depth 4 nodes 57037 time 13 pv d2e1 a2a4 d3d2 g2f1
thread 2 info score cp 33 depth 5 nodes 150344 time 34 pv d2e1 a2a7 d3d6 a1b2 e1f2
thread 2 info score cp 35 depth 6 nodes 715339 time 141 pv d2e1 a2a7 d3b5 a1b2 g3f4 h3g2
thread 2 info score cp 34 depth 7 nodes 2476717 time 465 pv d2e1 a2a7 d3d6 b2c1 g3h4 a2a8 g3e1
thread 0 info score cp 37 depth 8 nodes 18848335 time 3456 pv d2e1 a2a7 d3d6 h4h5 g3e1 f7f8 d6f8 b7b8q
thread 3 info score cp 36 depth 9 nodes 70846240 time 13197 pv d2e1 a2a7 d3d2 g2f1 f6e5 b8c7 d6e5 a2b3 d8d2
thread 2 info score cp 38 depth 10 nodes 144175609 time 26991 pv d2e1 a2a7 d3d6 a5b6 d3e2 g2h3 f8d8 g3g4 f8g8 e5e8
bestmove d2e1
Main thread:thread 3 info score cp 89 depth 1 nodes 108774791 time 0 pv d8f6
thread 0 info score cp 89 depth 2 nodes 310 time 0 pv c6f3 d1c1
thread 3 info score cp 95 depth 3 nodes 2292 time 1 pv b5a4 d1c2 b4b3
thread 3 info score cp 88 depth 4 nodes 12921 time 2 pv c6f3 d1c2 c6b5 e2d1
thread 2 info score cp 87 depth 5 nodes 107073 time 18 pv c6d7 d1e2 d7g4 e2f1 d8g5
thread 0 info score cp 87 depth 6 nodes 491914 time 71 pv c6d7 d1c2 d8a5 e1e2 d8h4 e1d1
thread 3 info score cp 86 depth 7 nodes 1792947 time 254 pv b5b4 d1e2 c6b5 e2f2 e7h4 f2e2 e7f6
thread 2 info score cp 86 depth 8 nodes 9880613 time 1428 pv b5a6 d1e2 c6b5 e2f2 d8f6 d1c2 a4b5 e2e3
thread 0 info score cp 86 depth 9 nodes 17752420 time 2599 pv b5a6 d1e2 c6b5 e2f3 c6f3 d2d1r f3g4 e3d3 g5f6
thread 0 info score cp 85 depth 10 nodes 58730206 time 8561 pv b5a6 d1e1 d8a5 e1d1 e8g6 d2d1b h1f3 d2d1r a5a4 e1d2
bestmove b5a6
Main thread:thread 3 info score cp 8 depth 1 nodes 458 time 0 pv d8d7
thread 0 info score cp 5 depth 2 nodes 1066 time 0 pv h7h6 h5h6
thread 0 info score cp 5 depth 3 nodes 9372 time 2 pv d8d7 h5f5 b7c6
thread 3 info score cp 2 depth 4 nodes 34812 time 8 pv d8d7 h2h3 g4f4 h5g5
thread 2 info score cp 1 depth 5 nodes 335173 time 69 pv h7h6 f2e3 h8g8 h2h3 b7c6
thread 0 info score cp 1 depth 6 nodes 1070626 time 215 pv h7h6 h5h6 c6a5 b5e5 d5a5 e1f1
thread 3 info score cp 1 depth 7 nodes 2250391 time 447 pv h7h6 h5h6 e4e3 c4g4 b5c4 c3d4 b7c6
thread 1 info score cp 0 depth 8 nodes 10248766 time 2075 pv d8d7 h5f5 e4e3 c4g4 a5c4 h5h4 h8h7 f2g3
thread 3 info score cp 1 depth 9 nodes 14152701 time 2865 pv d8d7 h2h3 e4e3 c4g4 g4g2 f2g3 f2f1q d1d2 f1f4
thread 3 info score cp 2 depth 10 nodes 48640287 time 9931 pv e4e3 c4g4 e4e3 c4g4 b5c4 c3d4 b8c7 f2g3 f1f4 d2e1
bestmove e4e3
Main thread:thread 0 info score cp -8 depth 1 nodes 157 time 0 pv c6c2
thread 1 info score cp -10 depth 2 nodes 2337 time 1 pv b6c4 h6g5
thread 2 info score cp -10 depth 3 nodes 11236 time 3 pv c6c8 h6g5 e7e2
thread 0 info score cp -10 depth 4 nodes 49581 time 12 pv c6c2 h6g5 e7e3 g1f1
thread 3 info score cp -9 depth 5 nodes 176841 time 41 pv c6c2 h6g5 e6a2 d1d8 e8c6
thread 1 info score cp 0 depth 6 nodes 309020 time 69 pv c6d6 d4d6 e7e3 g1f1 e3f3 g5e7
thread 1 info score cp 0 depth 7 nodes 1418326 time 302 pv c6d6 d4d6 e7e3 g1f1 e3f3 g3f4 b6c4
thread 2 info score cp 0 depth 9 nodes 2990718 time 635 pv c6d6 d4d6 e7e3 g1f1 e3f3 g5e7 c1d1 d4f4 d4d7
thread 1 info score cp 0 depth 10 nodes 15728791 time 3324 pv c6d6 d4d6 e7e3 g1f1 e3f3 f4e5 c4e5 a2a3 a2b2 d7h7
bestmove c6d6
Main thread:thread 1 info score cp 1 depth 1 nodes 440 time 1 pv c4e6
thread 3 info score cp 1 depth 2 nodes 1658 time 1 pv c4e6 c8c7
thread 0 info score cp 0 depth 3 nodes 15288 time 4 pv c4e6 c8b8 c4e6
thread 1 info score cp 0 depth 4 nodes 42537 time 11 pv d6d8 c8d8 e6d7 d8d7
thread 1 info score cp 1 depth 5 nodes 179035 time 41 pv c4e6 c8c7 d6d8 e8d8 c4e6
thread 0 info score cp 1 depth 6 nodes 529984 time 112 pv c4e6 c8c7 d6d8 e8d8 c4e6 a4d7
thread 2 info score cp 1 depth 7 nodes 2411384 time 491 pv c4e6 c8c7 d6d8 e8d8 c4e6 a4d7 a1a4
thread 3 info score cp 0 depth 8 nodes 3430615 time 700 pv d6e6 e8e6 c4e6 c8c7 c4e6 a4d7 a1a4 h6g4
thread 0 info score cp 0 depth 9 nodes 11833470 time 2432 pv d6e6 c6e4 g1c5 e4g2 c5b6 g2h3 e6e8 d8e8 c5d6
thread 1 info score cp 0 depth 10 nodes 63474130 time 12876 pv d6e6 e8e6 c4e6 d8e8 f4g5 e8e4 b2b3 e4f4 c5d6 g4e3
bestmove d6e6
Main thread:thread 3 info score cp -3 depth 1 nodes 692 time 0 pv a8f8
thread 0 info score cp -2 depth 2 nodes 1512 time 0 pv c4d3 f4d3
thread 2 info score cp -2 depth 3 nodes 13172 time 3 pv c4d3 f4d3 a5c4
thread 0 info score cp -1 depth 4 nodes 35234 time 9 pv a8f8 d3c4 a5c4 f4d3
thread 3 info score cp -1 depth 5 nodes 137502 time 33 pv g6g5 d3c4 a5c4 f4d5 a5c4
thread 0 info score cp -1 depth 6 nodes 437877 time 98 pv g6g5 d3c4 a5c4 f4d5 a8f8 f1e2
thread 3 info score cp -2 depth 7 nodes 1984951 time 413 pv c5d4 c3d4 a5c4 f1e2 f7d5 e3h6 d5g2
thread 1 info score cp 1 depth 8 nodes 4294218 time 887 pv g6g5 d3c4 a5c4 f4d3 a8f8 f1e2 c5c4 f4e6
thread 0 info score cp 1 depth 9 nodes 18968134 time 3889 pv g6g5 d3c4 g6g5 e5e6 f7f6 d3e4 h6e3 g6e7 c4d3
thread 3 info score cp 1 depth 10 nodes 68230978 time 13967 pv g6g5 d3c4 g6g5 e5e6 f7f8 a1d1 c4e3 f4e6 d4e3 f8e6
bestmove g6g5
Main thread:thread 0 info score cp -30 depth 1 nodes 586 time 0 pv c3c4
thread 3 info score cp -29 depth 2 nodes 3173 time 1 pv e3g5 f6d5
thread 1 info score cp -29 depth 3 nodes 19958 time 5 pv e3g5 f6d5 g1g7
thread 3 info score cp -24 depth 4 nodes 145564 time 35 pv e3g5 f6d5 c3c4 d5d2
thread 3 info score cp -24 depth 5 nodes 431548 time 94 pv e3g5 f6d5 e3g5 c5b4 g1g7
thread 3 info score cp -22 depth 6 nodes 1962648 time 410 pv e3g5 c8f8 c2g6 e7f6 d1d5 f6d5
thread 3 info score cp -20 depth 7 nodes 4108659 time 858 pv e3g5 b7d5 c3c4 d5d2 h6g7 f6d5 g7e5
thread 3 info score cp -20 depth 8 nodes 12844700 time 2669 pv e3g5 b7d5 c3c4 c7e7 h6g7 g8f7 c2e4 f6d5
thread 1 info score cp -19 depth 9 nodes 92465332 time 19877 pv g1g7 g8g7 h6g5 b7d5 e6e7 d5d2 g5f6 g7f6 f1f2
thread 2 info score cp 0 depth 10 nodes 111481768 time 23936 pv g1g7 g8g7 e3h6 f6d5 g1g7 g8f8 f1e1 c5c4 e7f8n c8f8
bestmove g1g7
Main thread:thread 3 info score cp -4 depth 1 nodes 1098 time 0 pv h3h5
thread 0 info score cp -5 depth 2 nodes 2693 time 0 pv h3h5 e1d3
thread 1 info score cp -4 depth 3 nodes 19451 time 4 pv h3h5 e2a6 e6e4
thread 3 info score cp -4 depth 4 nodes 83677 time 17 pv h3h5 e2a6 e6e4 g1g2
thread 1 info score cp -3 depth 5 nodes 420464 time 89 pv h3h5 e2a6 c8c7 d4b2 c6d5
thread 0 info score cp -2 depth 6 nodes 1285433 time 274 pv h3h5 g2e4 f5e4 g2e4 c6c5 d4c5
thread 1 info score cp 1 depth 8 nodes 2548002 time 546 pv h3h2 g1h2 e4g3 e2d1 e6h6 g2h3 g3e2 f2e2
thread 3 info score cp 2 depth 9 nodes 8181806 time 1749 pv h3h2 g1h2 e4g3 e2d1 e6h6 g2h3 h6h3 h2g2 c3e2
thread 2 info score cp 12 depth 10 nodes 59696996 time 12592 pv h3h2 g1h2 c3e2 g1f2 e2c1 g2h3 g4h3 g2h3 e2c1 f1f5
bestmove h3h2
Main thread:thread 3 info score cp -21 depth 1 nodes 832 time 1 pv e6e7
thread 2 info score cp -21 depth 2 nodes 2177 time 1 pv e6e7 b3c3
thread 1 info score cp -23 depth 3 nodes 14106 time 3 pv e6e7 h1h2 g3f3
thread 0 info score cp -23 depth 4 nodes 106427 time 22 pv e6e7 h1h2 g3e3 b3e3
thread 0 info score cp -23 depth 5 nodes 361460 time 73 pv e6e7 h1h2 e6e3 e2e3 g3e3
thread 1 info score cp -19 depth 6 nodes 1004304 time 207 pv e6f5 b3b7 f7f8 b3b7 e4f4 e2f2
thread 3 info score cp 0 depth 8 nodes 4177425 time 881 pv e6e4 b3b7 f7f8 b7b8 g3e3 e1d2 b7c6 e1f1
thread 3 info score cp 0 depth 9 nodes 16010910 time 3382 pv e6e4 b3b7 f7g6 b7d7 f5d7 h1e4 f6f5 b3b7 d4f4
thread 1 info score cp 0 depth 10 nodes 48459734 time 10249 pv e6e4 b3b7 f7f8 b7b8 g4f4 e3f3 g3e3 e3h3 b1g1 e3g3
bestmove e6e4
Main thread:thread 2 info score cp 7 depth 1 nodes 714 time 0 pv c2c4
thread 0 info score cp 6 depth 2 nodes 6113 time 1 pv d5e3 f5e4
thread 1 info score cp 6 depth 3 nodes 45918 time 9 pv d5e3 f5e4 g2h3
thread 2 info score cp 4 depth 4 nodes 316498 time 64 pv d5e3 f5e4 f3f5 d6f5
thread 0 info score cp 2 depth 5 nodes 2294128 time 471 pv d4d1 f7d7 h6f4 f7d7 a2b3
thread 2 info score cp 2 depth 6 nodes 13438604 time 2831 pv h6d2 f5c2 h6f4 f7e7 h6c1 d6f5
thread 1 info score cp 2 depth 7 nodes 57763476 time 12396 pv h6d2 f5c2 e1e2 f7d7 h6c1 d6f5 d4d2
thread 3 info score cp 3 depth 8 nodes 191915611 time 41444 pv d5b4 a5b4 d4d6 f5d7 h6c1 d6f5 a1a2 g8f8
thread 2 info score cp 2 depth 9 nodes 535928688 time 115933 pv h6d2 f5c2 h6f4 a6c6 g2h3 g7h6 c5c2 g7h6 c1c2
thread 1 info score cp 7 depth 10 nodes 2437732612 time 532405 pv d5b4 a5b4 d4d6 f5d7 d6d5 f5g3 e1e8 g8g7 d4d5 g8h8
bestmove d5b4
Main thread:thread 2 info score cp 13 depth 1 nodes 503 time 0 pv d3b5
thread 1 info score cp 13 depth 2 nodes 2873 time 0 pv d3b5 a6b5
thread 3 info score cp 15 depth 3 nodes 7327 time 1 pv f6d8 f8d8 h3f3
thread 0 info score cp 13 depth 4 nodes 65483 time 13 pv d3b5 a6b5 a3b4 d8c8
thread 2 info score cp 15 depth 5 nodes 113341 time 22 pv d3b5 a6b5 h3d3 f8d8 f6d8
thread 1 info score cp 15 depth 6 nodes 240743 time 48 pv f6d8 f8d8 g4f4 g7f5 a3b4 h8g8
thread 1 info score cp 15 depth 7 nodes 494409 time 99 pv d3b5 a6b5 h3d3 f8d8 h3d3 d8c8 f6d8
thread 2 info score cp 15 depth 8 nodes 1034388 time 209 pv f6d8 f8d8 h3f3 d8d7 f6d8 f8d8 h4h5 f8e8
thread 2 info score cp 15 depth 9 nodes 7232391 time 1478 pv d3b5 a6b5 h3d3 h7h5 g4f4 h7h5 g7f8 c5c1 a3a4
thread 0 info score cp 16 depth 10 nodes 40772105 time 8487 pv d3d2 g7f5 g4f4 b5a4 g4d4 b5e2 g5h4 h6g5 d8g5 h7h6
bestmove d3d2
Main thread:thread 1 info score cp 9 depth 1 nodes 147 time 0 pv c2c4
thread 0 info score cp 9 depth 2 nodes 1220 time 0 pv h4g6 h8h7
thread 3 info score cp 10 depth 3 nodes 5206 time 1 pv g1g6 e8f8 d1g1
thread 0 info score cp 10 depth 4 nodes 18686 time 4 pv g1g8 h8g8 d1g1 e8f8
thread 2 info score cp 9 depth 5 nodes 32904 time 7 pv g1g8 h8g8 h4g6 c7c5 d1g1
thread 3 info score cp 10 depth 6 nodes 127569 time 27 pv g1g6 g8g6 h4g6 h8g8 d1g1 c7c5
thread 3 info score cp 10 depth 7 nodes 537899 time 114 pv h4f3 d6f8 g1g8 h8g8 d1g1 f8g7 h4g6
thread 3 info score cp 13 depth 8 nodes 1322309 time 277 pv h4g6 h8h7 g1g4 e8f7 d1g1 g8d8 g6f6 d6e7
thread 0 info score cp 13 depth 9 nodes 3175591 time 668 pv h4g6 h8h7 g1g4 e8f7 d1g1 g8g5 b2a3 e8f8 d8d7
thread 0 info score cp 13 depth 11 nodes 13367338 time 2857 pv h4g6 h8h7 g1g4 e8f7 d1g1 g8g5 g6f6 f8g8 b2c3 f7f8 c3c4
bestmove h4g6
Main thread:thread 1 info score cp 59 depth 1 nodes 125 time 0 pv c5c4
thread 2 info score cp 59 depth 2 nodes 850 time 0 pv c5c4 c2h7
thread 3 info score cp 57 depth 3 nodes 3910 time 1 pv c5c4 c2h7 g8f8
thread 2 info score cp 52 depth 4 nodes 18433 time 4 pv c5c4 c2h7 g8f8 h7h8
thread 2 info score cp 50 depth 5 nodes 73996 time 17 pv c5c4 c2h7 g8f8 h7h8 c8e6
thread 3 info score cp 50 depth 6 nodes 198617 time 46 pv c5c4 c2h7 g8f8 h7h8 c2b2 a4c4
thread 3 info score cp 46 depth 7 nodes 557819 time 123 pv c5c4 c2h7 g8f8 h7h8 c2c1 f1e2 c8e6
thread 1 info score cp 26 depth 8 nodes 5707662 time 1199 pv g7g6 c4c5 c5c2 c1e3 d7e6 c1e3 d6c5 e3c5
thread 0 info score cp 27 depth 9 nodes 39230213 time 8189 pv g7g6 c4c5 c5c2 c1e3 d6c5 c2b1 b5c4 d6c4 a8c8
thread 1 info score cp 27 depth 11 nodes 109174519 time 22773 pv g7g6 c4c5 c5c2 c1e3 d6c5 g5h7 b5c4 f4c7 a5a4 b2g7 f8e8
bestmove g7g6
Main thread:thread 2 info score cp -18 depth 1 nodes 521 time 0 pv h4f4
thread 1 info score cp -18 depth 2 nodes 3857 time 1 pv h4f4 d6f4
thread 3 info score cp -18 depth 3 nodes 18445 time 4 pv h4f4 d6f4 c1c5
thread 2 info score cp -19 depth 4 nodes 85947 time 17 pv h4f4 d6f4 c1c5 d6f4
thread 0 info score cp -20 depth 5 nodes 419089 time 84 pv h4f4 d6f4 c1c5 d7d6 g1f2
thread 2 info score cp -16 depth 6 nodes 2656115 time 551 pv g2f1 e8e6 d3e4 c6b5 c1c7 d7c7
thread 2 info score cp -19 depth 8 nodes 14435177 time 3018 pv h4f4 d6f4 h4h5 e8e1 d2d3 e6f6 g5f4 c7d8
thread 2 info score cp -19 depth 9 nodes 54623616 time 11712 pv h4f4 d6f4 h1e1 e8b8 d5e6 d3c1 g5f4 c7d8 f2e3
thread 1 info score cp -19 depth 10 nodes 366509548 time 79636 pv h4f4 d6f4 h1e1 d6f4 d5e6 d3c1 d2b2 e6f6 f6d4 d6e7
bestmove h4f4
thread 3 info score cp -57 depth 1 nodes 183649379 time 0 pv e4f3
Main thread:thread 3 info score cp -60 depth 2 nodes 203 time 1 pv e4f3 d4d3
thread 3 info score cp -56 depth 3 nodes 1041 time 1 pv e4f3 d4d3 f3g2
thread 0 info score cp -55 depth 4 nodes 4464 time 1 pv e4f3 h2g1 f3g2 g1e3
thread 0 info score cp -54 depth 5 nodes 8933 time 2 pv e4f3 h2g1 f3g2 g1e3 d5e6
thread 3 info score cp -56 depth 6 nodes 14074 time 3 pv e4f3 h2g1 f3g2 g1e3 g3h4 e6d5
thread 1 info score cp -55 depth 7 nodes 78588 time 12 pv e4f3 h2g1 f3g2 g1e3 d5e6 d3d2 e6e5
thread 3 info score cp -61 depth 8 nodes 380177 time 53 pv e4f3 d4d3 a4a5 h2g1 f3g2 h2g1 d7c7 d4d3
thread 0 info score cp -57 depth 9 nodes 926435 time 134 pv e4f3 h2g1 f3g2 g1e3 a4a5 d2c3 a5a6 d2c3 e7d6
thread 3 info score cp -67 depth 10 nodes 1752141 time 252 pv e4d4 h2g3 d4e3 h5h4 f5g4 d4d3 g5h4 d4d3 c4c3 d6d5
bestmove e4d4
Main thread:thread 1 info score cp -9 depth 1 nodes 2262 time 0 pv g2f1
thread 2 info score cp -9 depth 2 nodes 5012 time 1 pv g2f1 g7e5
thread 0 info score cp -9 depth 3 nodes 11627 time 2 pv g2f1 g7e5 g2f1
thread 1 info score cp -8 depth 4 nodes 70465 time 14 pv g2f1 a1f1 g8g7 a1f1
thread 3 info score cp -8 depth 5 nodes 129711 time 25 pv g2f1 a1f1 g8g7 a1f1 g2f1
thread 0 info score cp -4 depth 6 nodes 596140 time 119 pv g2f1 a1f1 g2f1 a1f1 h3g4 c4d5
thread 1 info score cp -4 depth 7 nodes 2102574 time 435 pv g2f1 a1f1 g2f1 a1f1 h3g4 e4d5 f1d3
thread 2 info score cp -4 depth 8 nodes 4889464 time 1007 pv g2f1 a1f1 g2f1 a1f1 h3g4 b4e7 g7g8 g1g2
thread 1 info score cp -4 depth 9 nodes 20922099 time 4411 pv g2f1 a1f1 g2f1 a1f1 h5f6 g1f1 g7f6 g1f1 h3h6
thread 0 info score cp -4 depth 10 nodes 62674674 time 13159 pv g2f1 a1f1 e5f4 f1e1 g6g5 d5f6 h5f6 g1f1 e5f4 a5a6
bestmove g2f1
Main thread:thread 1 info score cp 9 depth 1 nodes 187 time 0 pv a1c1
thread 2 info score cp 5 depth 2 nodes 2794 time 0 pv h6c1 b2c1
thread 0 info score cp 5 depth 3 nodes 18820 time 3 pv h6c1 b2c1 a1c1
thread 3 info score cp 5 depth 4 nodes 138218 time 27 pv f3g5 f8e8 e1a1 c5d4
thread 2 info score cp 10 depth 5 nodes 528811 time 105 pv f3g5 b2g7 e1a1 a8e8 g5c5
thread 0 info score cp 10 depth 6 nodes 1369426 time 271 pv f3g5 b2g7 h6g7 g8g7 e3c5 b6c4
thread 1 info score cp 9 depth 7 nodes 4453789 time 911 pv f3g5 b2g7 h6g7 f8f7 e2c4 a8d8 f7h6
thread 2 info score cp 10 depth 8 nodes 8048299 time 1623 pv f3g5 b2g7 h6g7 b2g7 f3d2 a8d8 e1e2 b6d5
thread 0 info score cp 8 depth 9 nodes 75300753 time 15941 pv h6c1 b2c1 a1c1 c2e4 f3g5 c2e4 c1d1 a8f8 b4c5
thread 1 info score cp 7 depth 10 nodes 117469252 time 24764 pv f3g5 b2g7 e1a1 c2d3 a1d1 f8d8 e1a1 e5c5 c1d1 a8e8
bestmove f3g5
Main thread:thread 2 info score cp 1 depth 1 nodes 201 time 0 pv g3e5
thread 3 info score cp 0 depth 2 nodes 4106 time 1 pv c2a4 f8d8
thread 0 info score cp -1 depth 3 nodes 25541 time 5 pv c2e2 a8d8 c4d3
thread 0 info score cp -1 depth 4 nodes 222062 time 46 pv c2e2 a8d8 c4d5 c6d5
thread 0 info score cp 0 depth 5 nodes 641947 time 133 pv c2e2 b6b5 c4d5 a8e8 d1d6
thread 3 info score cp -1 depth 6 nodes 4493819 time 1008 pv c2e2 a8d8 c4d3 d5f6 c2g6 g8f8
thread 1 info score cp 0 depth 7 nodes 5126659 time 1152 pv c2e4 f8d8 c2c4 f7e6 c4e4 f6e4 d3g6
thread 0 info score cp 5 depth 8 nodes 20369595 time 4624 pv b2b4 c5b4 c4d5 c6d5 c2c7 b4c2 e1e7 b7c6
thread 0 info score cp 5 depth 9 nodes 60402987 time 13736 pv b2b4 c5b4 e4e8 f8e8 e1e8 c5f8 e4c4 c6d5 c6h6
thread 3 info score cp 8 depth 10 nodes 211656704 time 48884 pv b2b4 c5b4 c4d5 e3c2 e1e7 b4c2 e1e7 b4c6 f7d5 f7e6
bestmove b2b4
Main thread:thread 1 info score cp 1 depth 1 nodes 737 time 1 pv g5f6
thread 2 info score cp 1 depth 2 nodes 1566 time 1 pv g5f6 g7f6
thread 3 info score cp 1 depth 3 nodes 7236 time 2 pv g5f6 g7f6 d1d5
thread 2 info score cp -1 depth 4 nodes 35953 time 9 pv g5f6 g7f6 d1d5 c8e6
thread 1 info score cp -1 depth 5 nodes 154773 time 36 pv g5f6 g7f6 d1d5 c8e6 g5e7
thread 3 info score cp 0 depth 6 nodes 283936 time 65 pv g5f6 g7f6 d1d5 b4c3 b2c3 c8f5
thread 2 info score cp 0 depth 7 nodes 1587518 time 364 pv g5f6 g7f6 d1d5 b4c3 b2c3 h8g8 e2c3
thread 1 info score cp 0 depth 8 nodes 2214668 time 509 pv g5f6 g7f6 d1d5 b4c3 b2c3 h8g8 g5e7 c3b2
thread 0 info score cp 0 depth 9 nodes 11367545 time 2630 pv g5f6 g7f6 d1d5 g7f6 d1c2 g7f6 e2c3 f6g4 g5e7
thread 2 info score cp 0 depth 10 nodes 38087296 time 8925 pv g5f6 g7f6 a4b5 c8d7 b5b7 d7c6 b7c8 e7d8 c8d8 e8d8
bestmove g5f6
Main thread:thread 2 info score cp -33 depth 1 nodes 152 time 0 pv g7f8
thread 3 info score cp -33 depth 2 nodes 1130 time 1 pv g7f8 g8f8
thread 1 info score cp -33 depth 3 nodes 7314 time 2 pv g7f8 g8f8 g7f8
thread 3 info score cp -33 depth 5 nodes 52007 time 11 pv g7f8 g8f8 d4h8 g8f8 a2a3
thread 1 info score cp -33 depth 6 nodes 238983 time 48 pv g7f8 g8f8 d4h8 f8e7 d2d1 f8e8
thread 1 info score cp -28 depth 7 nodes 981800 time 200 pv g7h6 f7f6 h6f8 g8f8 d4h8 f8e7 f2f4
thread 0 info score cp -28 depth 8 nodes 3774531 time 777 pv g7h6 f7f6 h6f8 g8f8 d4f6 f7f6 h5g6 f7g6
thread 1 info score cp -24 depth 9 nodes 12571267 time 2645 pv g7h6 f7f6 h6f8 g8f8 d4h8 f8e7 c5d6 a2b2 e5b2
thread 1 info score cp -6 depth 10 nodes 58703593 time 12356 pv g7f8 g8f8 d4b2 f7f6 h8f6 g8f8 b2h8 g8f8 e5h8 g8f8
bestmove g7f8
Main thread:thread 3 info score cp 2 depth 1 nodes 371 time 1 pv a8a5
thread 2 info score cp 3 depth 2 nodes 1246 time 1 pv a8a5 h1h2
thread 0 info score cp 3 depth 3 nodes 4574 time 1 pv a8a5 h1h2 d2b3
thread 0 info score cp 3 depth 4 nodes 38568 time 7 pv a8a5 d4e5 d2b3 h1h2
thread 2 info score cp 4 depth 5 nodes 125658 time 23 pv a8a5 h1g2 d2b3 d4c4 h7d7
thread 0 info score cp 1 depth 6 nodes 773009 time 138 pv g5g6 h7g6 d2b3 h2e5 d2f3 d5d6
thread 3 info score cp 4 depth 7 nodes 2107061 time 378 pv a8a7 h1g2 d2b3 d4d5 h7h3 e5d6 b8c8
thread 2 info score cp 3 depth 8 nodes 9088544 time 1645 pv a8a7 h1g2 d2b3 d4e5 h7d7 d4c5 h3d3 d4c5
thread 0 info score cp 2 depth 9 nodes 45020373 time 8240 pv a8a7 h1g2 a7d7 d4c4 g6h7 d4c4 a1a6 d4c4 g4e4
thread 3 info score cp 38 depth 10 nodes 236010088 time 43909 pv g5g6 h1g2 g6h7 d4d5 a8a5 d5d6 f4f3 d5d4 d2b3 h1d5
bestmove g5g6
Main thread:thread 2 info score cp 0 depth 1 nodes 95 time 0 pv f1b5
thread 1 info score cp -1 depth 2 nodes 621 time 0 pv f1b5 e3d2
thread 3 info score cp -1 depth 3 nodes 3895 time 1 pv d6c7 f4e6 g3g2
thread 2 info score cp -1 depth 4 nodes 19908 time 4 pv d6e7 f4e6 g3g2 e3d2
thread 1 info score cp -1 depth 5 nodes 37627 time 7 pv d6c7 f4e6 g3g2 e3f2 e5d3
thread 2 info score cp 0 depth 6 nodes 82619 time 15 pv d6c7 d5e6 g3g2 e3f2 e5g4 b4a5
thread 2 info score cp 0 depth 7 nodes 228661 time 41 pv d6c7 f4e2 f1e2 f5g6 c7b8 f4h3 f1e2
thread 3 info score cp 0 depth 8 nodes 840482 time 151 pv d6c7 e3d2 a5a4 f4d3 g3g2 d2c1 e5d3 d5f3
thread 0 info score cp 0 depth 9 nodes 1739580 time 319 pv d6c7 f4e6 c7b8 e3f2 e5g4 d5g2 f1d3 f4h3 f1b5
thread 3 info score cp 0 depth 10 nodes 6876444 time 1254 pv d6c7 f4e6 c7c8 e3f2 g3g2 f3f2 g1g4 d2c1 f1b5 h3g1
bestmove d6c7
Main thread:thread 2 info score cp 0 depth 1 nodes 224 time 0 pv f1e1
thread 1 info score cp 0 depth 2 nodes 2359 time 0 pv f4f5 g6f5
thread 0 info score cp 0 depth 3 nodes 13734 time 2 pv f4f5 g6f5 d3f5
thread 0 info score cp 0 depth 4 nodes 73817 time 16 pv f1e1 f6e4 d3e4 d5e4
thread 3 info score cp -1 depth 5 nodes 135818 time 29 pv f1c1 c7c1 e3e7 c7e7 a2b3
thread 2 info score cp 0 depth 7 nodes 1671798 time 377 pv f1e1 f6e4 e3e7 c7e7 a3e7 c7c2 a3e7
thread 2 info score cp 0 depth 8 nodes 3812494 time 849 pv f4f5 g6f5 e3e7 c7e7 a3e7 f6e4 a3e7 c7e7
thread 0 info score cp 0 depth 9 nodes 21241762 time 4823 pv f1e1 f6e4 e3e7 c7e7 a3e7 c7e7 a3e7 c7e7 b2a3
thread 2 info score cp 0 depth 10 nodes 36034904 time 7965 pv f4f5 f6e4 e3e7 c7e7 f1e1 c8c2 a3e7 c7e7 e1d1 f7e7
bestmove f4f5
Main thread:thread 0 info score cp -4 depth 1 nodes 124 time 0 pv f5e4
thread 3 info score cp -4 depth 2 nodes 1276 time 1 pv f5e4 c4f1
thread 0 info score cp -4 depth 3 nodes 4726 time 1 pv f5e4 c4e2 e5d6
thread 0 info score cp -4 depth 4 nodes 34246 time 7 pv f5e4 c4e2 e5d6 c4e2
thread 3 info score cp -3 depth 5 nodes 35541 time 7 pv f5e4 c4e2 e4f5 a6b7 e7d8n
thread 2 info score cp -3 depth 6 nodes 161699 time 29 pv f5e4 c4a2 h2g1 b3d5 e7d8r d6d8
thread 1 info score cp -3 depth 7 nodes 358526 time 67 pv f5e4 c4e2 e4h4 f1a6 e7d8n d6d8 h5g6
thread 3 info score cp -3 depth 8 nodes 980862 time 181 pv f5e4 c4e2 e4h4 a7a5 e7d8n d3d8 f5e4 d6d8
thread 0 info score cp -3 depth 9 nodes 3512649 time 666 pv f5e4 c4e2 e4h4 b6b5 e4c4 g8h8 c4a6 e7e5 a6b6
thread 3 info score cp -3 depth 10 nodes 11584388 time 2262 pv f5e4 c4e2 e5e6 d7d5 e7d8r d6d8 e7d8n d3d1 f2g1 d2d8
bestmove f5e4
Main thread:thread 0 info score cp 26 depth 1 nodes 1466 time 0 pv f1d1
thread 0 info score cp 26 depth 2 nodes 12548 time 2 pv f1d1 d6h2
thread 1 info score cp 13 depth 3 nodes 54313 time 11 pv e3e4 d6e5 a3b4
thread 3 info score cp 8 depth 4 nodes 290180 time 59 pv f1d1 d6e5 f3e5 d6e5
thread 1 info score cp 8 depth 5 nodes 1401150 time 285 pv f1d1 d6e5 a3b4 d6h2 f3h2
thread 1 info score cp 8 depth 6 nodes 8823668 time 1848 pv f1d1 d6e5 a3b4 c7c4 a3b4 b7f3
thread 2 info score cp 8 depth 7 nodes 12100918 time 2538 pv f1d1 d6e5 f3e5 a8f3 c3e4 g8h7 e2d3
thread 0 info score cp 6 depth 8 nodes 86480289 time 18315 pv f1d1 d6e5 c3b5 c7b6 b2f6 g7f6 c2h7 a6b5
thread 2 info score cp 5 depth 9 nodes 365979755 time 77884 pv c3e4 f6e4 b1e4 d8c8 c3b5 e5f3 c3d5 f7e6 c1c7
thread 1 info score cp 5 depth 10 nodes 1678093809 time 361616 pv c3e4 f6e4 e1d1 a8b7 c3a2 c6b4 f1d1 d6b4 d1d4 b4c3
bestmove c3e4
Main thread:thread 2 info score cp 23 depth 1 nodes 486 time 1 pv e2f3
thread 3 info score cp 21 depth 2 nodes 2043 time 1 pv e2f3 c8b7
thread 0 info score cp 18 depth 3 nodes 20410 time 5 pv d2e1 b4a2 g1f3
thread 0 info score cp 17 depth 4 nodes 123099 time 26 pv h8d8 g6g5 d2e1 b4a2
thread 3 info score cp 19 depth 5 nodes 500694 time 108 pv h8d8 g6g5 d2e1 f7g8 h8h7
thread 3 info score cp 19 depth 6 nodes 3492468 time 757 pv h8d8 g6c2 d2e1 c2b2 h8h7 g2g7
thread 2 info score cp 20 depth 7 nodes 12652506 time 2747 pv h8d8 h6f5 e2f3 g6c2 h8h7 f7e8 h8h7
thread 0 info score cp 19 depth 8 nodes 45013597 time 9822 pv h8d8 h6f5 e2d3 h6f5 h8h7 f7e8 h2g3 b4a2
thread 1 info score cp 20 depth 9 nodes 224335792 time 49820 pv h8d8 e6e5 d8c7 g8e7 a2a3 b4a6 c7d6 d3d1 b6c7
thread 0 info score cp 20 depth 10 nodes 648953812 time 145738 pv h8d8 e6e5 g1f3 g8e7 h8h7 c8b7 e6d8 d3b2 h1b1 b7a8
bestmove h8d8
Main thread:thread 3 info score cp 1 depth 1 nodes 199 time 0 pv d3d4
thread 1 info score cp 2 depth 2 nodes 1351 time 0 pv d3d4 h7h6
thread 0 info score cp 1 depth 3 nodes 8126 time 1 pv d3d4 d6f8 g7g1
thread 0 info score cp 2 depth 4 nodes 39288 time 7 pv d3d4 c8b7 d4e5 f8d6
thread 2 info score cp 1 depth 5 nodes 88215 time 16 pv d3d4 e5d4 b3d4 d6e5 b3a5
thread 0 info score cp 1 depth 6 nodes 336731 time 63 pv b3a5 c6c5 a5c6 c8b7 g5g8 c8d7
thread 1 info score cp 0 depth 7 nodes 810271 time 154 pv e2f1 c6c5 d2f1 h2h3 a5c6 f2d4 b2a3
thread 2 info score cp 0 depth 8 nodes 2900054 time 568 pv e2f1 c6c5 a5c6 c8b7 c6d8 d6e5 a5c4 d6b4
thread 3 info score cp 0 depth 9 nodes 10842328 time 2088 pv e2f1 b5b4 a3b4 d6b4 b3c5 d6e5 d3d4 e5d6 b2a3
thread 2 info score cp 0 depth 10 nodes 40261500 time 7695 pv e2f1 c6c5 d2f1 b8b7 b3a5 b7b6 b3c5 d7e8 f4e5 d7d8
bestmove e2f1
|         bench done         
|----------------------------
|time  : 1571610
|nodes : 7344350968
fail_checksums:0hash cuts:13453463
"Well, you've shown me something today . . . You've shown me that I'm still a threat. 
	- Dalinar Kholin
