ms1table
mask
reset masks and magics
rank file and diag masks
gen sliding attacks
attack bitmaps
evaluate masks
init hashtable with 2666666 entries
Main thread:thread 0 info score cp 8 depth 1 nodes 203 time 0 pv f1f2
thread 2 info score cp 6 depth 2 nodes 1162 time 1 pv f1f2 e5b2
thread 3 info score cp 8 depth 3 nodes 7686 time 4 pv f1f2 e5b2 f1d1
thread 0 info score cp 8 depth 4 nodes 56053 time 29 pv f1f2 e5b2 h1d1 e8d8
thread 1 info score cp 7 depth 5 nodes 216145 time 83 pv f1f2 a8a7 f5e7 e5b2 g3f1
thread 2 info score cp 8 depth 6 nodes 831742 time 242 pv f1f2 e8e7 h1d1 e5b2 h1f1 e5b2
thread 0 info score cp 7 depth 7 nodes 3114235 time 689 pv f1f2 e5d4 b3f7 e5b2 f3f7 e5b2 h3f3
thread 3 info score cp 7 depth 8 nodes 12505702 time 2601 pv f1f2 e5d4 f3f7 a7c7 f3e2 a7c7 f5g7 e4h4
thread 2 info score cp 7 depth 9 nodes 44807444 time 9325 pv f1f2 b8b7 b2b3 e5b2 f5g3 b4a3 g5h6 f7f1 h4h5
thread 0 info score cp 7 depth 10 nodes 143477196 time 30935 pv f1f2 b8b7 f1f2 e5b2 d2b2 d4b2 h1f1 g8h8 f1d1 b7e4
thread 1 info score cp 7 depth 11 nodes 791064991 time 164970 pv f1f2 b8b7 h5h6 b8c7 d1d4 b8b7 d1d4 g8h8 f5g7 g8g7 f1d1
thread 2 info score cp 13 depth 12 nodes 861005542 time 179244 pv f5g7 e8e7 g7f5 b8d8 f3f5 g7g6 f5f7 g8h8 g2h2 e8e4 f7e6 g3h2
bestmove f5g7
Main thread:thread 1 info score cp -1 depth 1 nodes 140 time 1 pv d4b2
thread 3 info score cp -2 depth 2 nodes 492 time 1 pv d4b2 f7f5
thread 0 info score cp 0 depth 3 nodes 1910 time 1 pv d4b2 f7f5 h1g1
thread 2 info score cp -2 depth 4 nodes 7121 time 2 pv d4b2 b6b5 a4a5 c7d6
thread 1 info score cp -2 depth 5 nodes 13911 time 3 pv d4a1 b6b5 a4b5 a6b5 f4e5
thread 3 info score cp -2 depth 6 nodes 43388 time 8 pv d4b2 f7f5 a4a5 e5e4 g3f4 c7d6
thread 2 info score cp -2 depth 7 nodes 89978 time 16 pv d4c3 b6b5 a4b5 a6b5 f4e5 b6b5 g3f4
thread 1 info score cp -2 depth 8 nodes 300740 time 54 pv d4b2 f7f5 f3f4 b6b5 a4a5 c7d6 a1b2 g8g7
thread 3 info score cp -1 depth 9 nodes 1123411 time 204 pv d4e3 b6b5 a4a5 c7d6 h1g1 f7f5 e3d2 d6e7 f3f4
thread 2 info score cp 0 depth 10 nodes 2027149 time 367 pv d4c3 b6b5 a4a5 c7b8 a4a5 b6a5 b4a5 d6c5 f1g1 g8g7
thread 3 info score cp -1 depth 11 nodes 7446016 time 1330 pv d4c3 b6b5 a4a5 f7f5 h1g1 a6b5 g1g2 d3d2 a7a8q g8g7 c8b8
thread 0 info score cp 0 depth 12 nodes 18173238 time 3286 pv d4c3 f7f5 a4a5 b6a5 b4a5 f7f5 h2h3 d3d2 a6a7 g8g7 c8b8 f7f5
bestmove d4c3
Main thread:thread 1 info score cp 0 depth 1 nodes 274 time 0 pv f3f4
thread 2 info score cp -1 depth 2 nodes 2473 time 1 pv f3f4 h8g8
thread 0 info score cp -1 depth 3 nodes 15706 time 3 pv f3f4 h8g8 g5f7
thread 2 info score cp 0 depth 4 nodes 98504 time 19 pv f3f4 h8g8 g5f7 f8f7
thread 1 info score cp -1 depth 5 nodes 494477 time 94 pv f3f4 c7b7 d3h7 g8h8 g5f7
thread 0 info score cp 0 depth 6 nodes 1753457 time 341 pv e5e1 h8g8 g5f7 f8f7 h4g5 f8d8
thread 3 info score cp 0 depth 7 nodes 6915548 time 1359 pv f3f4 h8g8 g5f7 f8f7 e6c7 f7f5 c7e6
thread 0 info score cp 0 depth 8 nodes 15955252 time 3158 pv h1g1 h8g8 g5f7 f8f7 h5e5 a5c4 c7b5 c6b5
thread 0 info score cp -2 depth 9 nodes 119060981 time 23683 pv h1g1 a5b7 d3h7 g8h8 d3h7 g8h8 g4f5 h8g8 g4f5
thread 1 info score cp -1 depth 10 nodes 337102247 time 67416 pv h1g1 a5b7 g5f7 f8f7 e6f8 h8g8 e6c7 d6g6 g7e6 c6e8
thread 3 info score cp 6 depth 11 nodes 1323961623 time 267440 pv e5e6 h8g8 e6h6 c7f7 g5f7 g7g6 f5f6 g7f6 g2f3 g7h6 h5f7
