ms1table
mask
reset masks and magics
rank file and diag masks
gen sliding attacks
attack bitmaps
evaluate masks
init hashtable with 2666666 entries
Main thread:thread 6 info score cp 8 depth 1 nodes 407 time 1 pv f1f2
thread 1 info score cp 6 depth 2 nodes 2222 time 1 pv f1f2 e5b2
thread 2 info score cp 8 depth 3 nodes 17603 time 7 pv f1f2 e5b2 f5h6
thread 5 info score cp 8 depth 4 nodes 88636 time 28 pv f1f2 b8b7 f5h6 b2e5
thread 3 info score cp 7 depth 5 nodes 375894 time 97 pv f1f2 b8b7 f1d1 g7g6 f3e4
thread 1 info score cp 7 depth 6 nodes 1307432 time 262 pv b2b3 e5b2 f2b2 b2e5 f3e4 e8c8
thread 6 info score cp 7 depth 7 nodes 5428380 time 898 pv f1d1 e5g3 f5g7 e5h2 f3f7 g3h4 f5g7
thread 7 info score cp 7 depth 8 nodes 21812359 time 3459 pv f1f2 e5d4 f1f2 e8e7 f3f7 a8a7 g4f3 b8b7
thread 7 info score cp 7 depth 9 nodes 102398724 time 16164 pv f1f2 b8b7 g5h6 e5b2 f5g7 e8e4 g5h6 f7f2 c4e4
thread 2 info score cp 7 depth 10 nodes 828854122 time 136918 pv f1d1 e5b2 f3f7 g8h7 f3e4 b2a3 f3e4 b8b7 f1d1 e7e4
thread 2 info score cp 12 depth 11 nodes 1184875840 time 197032 pv f5g7 e8e7 g7f5 e7d7 f5h6 b7e4 f7f3 e4e3 f1d1 e8e4 f1d1
bestmove f5g7
Main thread:thread 4 info score cp -1 depth 1 nodes 148781589 time 0 pv d4b2
thread 1 info score cp -2 depth 2 nodes 148782081 time 0 pv d4b2 f7f5
thread 1 info score cp 0 depth 3 nodes 148784116 time 0 pv d4b2 f7f5 h1g1
thread 5 info score cp -2 depth 4 nodes 11368 time 1 pv d4b2 b6b5 a4a5 f7f5
thread 2 info score cp -2 depth 5 nodes 28650 time 4 pv d4b2 c7d6 h1g1 f7f5 h2g3
thread 7 info score cp -2 depth 6 nodes 65285 time 9 pv d4c3 b6b5 a4a5 f5g4 f4e5 a4a3
thread 1 info score cp -2 depth 7 nodes 148831 time 21 pv d4b2 f7f5 a4a5 e5e4 g3f4 g6g5 e3b6
thread 3 info score cp -2 depth 8 nodes 481741 time 68 pv d4b2 b6b5 a4b5 a6b5 f3f4 c7d6 h6g5 g8g7
thread 7 info score cp -1 depth 9 nodes 1996189 time 290 pv d4e3 b6b5 a4a5 f7f5 h1g1 c7d6 e3d2 d6e7 e3g5
thread 2 info score cp 0 depth 10 nodes 3114097 time 453 pv d4c3 b6b5 a4a5 c7b8 a4a5 b6a5 b4a5 g6g5 f1g1 g8g7
thread 7 info score cp -1 depth 11 nodes 13853579 time 1984 pv d4c3 b6b5 a4a5 f7f5 h1g1 a6b5 g1f1 d3d2 a7a8q g8g7 c8b8
bestmove d4c3
Main thread:thread 4 info score cp 0 depth 1 nodes 1750937 time 1 pv f3f4
thread 0 info score cp -1 depth 2 nodes 1754982 time 1 pv f3f4 h8g8
thread 1 info score cp -1 depth 3 nodes 1769916 time 3 pv f3f4 h8g8 g5f7
thread 4 info score cp 0 depth 4 nodes 151517 time 24 pv f3f4 h8g8 g5f7 f8f7
thread 6 info score cp -1 depth 5 nodes 1132582 time 176 pv f3f4 c7b7 d3h7 g8h8 g5f7
thread 7 info score cp 0 depth 6 nodes 3182348 time 502 pv e5e1 h8g8 g5f7 f8f7 h4g5 f8d8
thread 2 info score cp 0 depth 7 nodes 21362233 time 3428 pv f3f4 f8c8 g5f7 f8f7 e6c7 f7f5 c7e6
thread 1 info score cp 0 depth 8 nodes 31436628 time 5043 pv h1g1 h8g8 g5f7 f8f7 h5e5 a5c4 c7b5 c6b5
thread 1 info score cp -2 depth 9 nodes 234588295 time 38984 pv h1g1 a5b7 d3h7 g8h8 d3h7 g8h8 g4f5 h8g8 g4f5
thread 4 info score cp -1 depth 10 nodes 737772038 time 120833 pv h1g1 a5b7 g5f7 f8f7 h4g5 h8g8 f4e5 f8f2 h4g5 f8f6
thread 2 info score cp 6 depth 11 nodes 2300794790 time 378189 pv e5e6 h8g8 e6h6 c7f7 g5f7 f7f8 a5e5 f7e7 h1g1 c6f3 h4h5
bestmove e5e6
Main thread:thread 0 info score cp 23 depth 1 nodes 287142028 time 0 pv d2e1
thread 1 info score cp 29 depth 2 nodes 287146146 time 0 pv d2e1 a1b2
thread 3 info score cp 29 depth 3 nodes 18972 time 2 pv d2e1 a1b2 d3d2
thread 6 info score cp 32 depth 4 nodes 108792 time 16 pv d2e1 a2a4 d3g3 a1b2
thread 3 info score cp 33 depth 5 nodes 279030 time 42 pv d2e1 a2a7 d3d6 a1b2 e1f2
thread 5 info score cp 35 depth 6 nodes 1197575 time 181 pv d2e1 a2a7 d3b5 a1b2 g3f4 g4h4
thread 3 info score cp 34 depth 7 nodes 3693409 time 566 pv d2e1 a2a7 d3d6 a5b4 d3e4 h3h4 f8d8
thread 3 info score cp 37 depth 8 nodes 20177579 time 3083 pv d2e1 a2a7 d3d6 h4h5 g3e1 a5b4 g3f3 d5d6
thread 5 info score cp 36 depth 9 nodes 70470628 time 10845 pv d2e1 a2a7 d3g3 g2f1 f6e5 b8c7 d6e5 a2b3 d6d2
thread 5 info score cp 38 depth 10 nodes 365636489 time 56416 pv d2e1 a2a7 d3d6 a5b6 d3e2 g2h3 e2f1 e6c8 d3g3 g1f1
thread 3 info score cp 40 depth 11 nodes 1205282827 time 189953 pv d2e1 a2a7 d3d6 a5c7 g3f4 a2c4 g3d6 a2f7 f6e5 f2f6 h2a2
bestmove d2e1
Main thread:thread 4 info score cp 89 depth 1 nodes 151549446 time 0 pv d8f6
thread 1 info score cp 89 depth 2 nodes 151549903 time 0 pv c6f3 d1c1
thread 4 info score cp 95 depth 3 nodes 151553007 time 0 pv b5a4 d1c2 b4b3
thread 0 info score cp 88 depth 4 nodes 25163 time 3 pv c6f3 d1c2 c6b5 e2d1
thread 3 info score cp 87 depth 5 nodes 167819 time 18 pv c6d7 d1e2 d7g4 e2f1 d8f6
thread 5 info score cp 87 depth 6 nodes 817907 time 93 pv c6d7 d1c1 d8a5 e1e2 c6b5 f1e1
thread 0 info score cp 86 depth 7 nodes 3498066 time 406 pv b5b4 d1e2 c6b5 e2f2 b5d3 d1c1 e8c6
thread 0 info score cp 86 depth 8 nodes 16394164 time 1993 pv b5a6 d1e2 c6b5 e2f3 d8f6 d1c2 b5a4 c2d3
thread 1 info score cp 86 depth 9 nodes 36158308 time 4413 pv b5a6 d1e2 c6b5 e2f2 d8h4 f2e2 g4d1 f2f1 d1f3
thread 3 info score cp 85 depth 10 nodes 102300341 time 12752 pv b5a6 d1e1 d8a5 e1d1 e8h5 f2e1 g4d1 d2d1r d8f6 g2f2
thread 6 info score cp 85 depth 11 nodes 383701861 time 47345 pv b5a6 d1e2 e8h5 e2d3 e4d3 d2d1q d5e4 d1d5 e7f6 e2f2 g5f6
bestmove b5a6
Main thread:thread 2 info score cp 8 depth 1 nodes 869 time 0 pv d8d7
thread 4 info score cp 5 depth 2 nodes 2556 time 0 pv h7h6 h5h6
thread 5 info score cp 5 depth 3 nodes 22582 time 3 pv d8d7 h5f5 d7g7
thread 6 info score cp 2 depth 4 nodes 92253 time 14 pv d8d7 h2h3 h8g8 f5d5
thread 7 info score cp 1 depth 5 nodes 520058 time 78 pv d8d7 h5f5 c6a5 c4a4 b7c6
thread 6 info score cp 1 depth 6 nodes 2029505 time 317 pv d8d7 h2h3 g4g2 c4e4 b7c6 c3d4
thread 7 info score cp 1 depth 7 nodes 5026117 time 784 pv d8d7 h2h3 e4e3 c4g4 c7b6 h5h7 b7c8
thread 3 info score cp 0 depth 8 nodes 23080834 time 3720 pv d8d7 h5f5 c6a5 c4a4 a5c6 h2h3 f2f1q d1d2
thread 2 info score cp 1 depth 9 nodes 40868621 time 6592 pv d8d7 h2h3 g8g7 h2h3 g4g5 h5g5 f2f1q h4e1 c6a5
thread 1 info score cp 2 depth 10 nodes 110343666 time 18014 pv e4e3 c4g4 e4e3 c4g4 b5c4 c3d4 g7g1 c3d4 e4e3 h5e5
thread 0 info score cp 3 depth 11 nodes 262313307 time 43005 pv e4e3 c4g4 e4e3 c4g4 a5c4 h5h7 c7c8 h2h3 c7c8 h7h5 e2e1q
bestmove e4e3
Main thread:thread 2 info score cp -8 depth 1 nodes 32297390 time 0 pv c6c2
thread 2 info score cp -10 depth 2 nodes 32299752 time 1 pv b6c4 h6g5
thread 2 info score cp -10 depth 3 nodes 32316096 time 3 pv c6c8 h6g5 e7e2
thread 2 info score cp -10 depth 4 nodes 95800 time 16 pv c6c2 h6g5 e7e3 g1f1
thread 0 info score cp -9 depth 5 nodes 224417 time 37 pv c6c2 a2a3 e6a2 d1d8 e8c6
thread 3 info score cp 0 depth 6 nodes 811511 time 137 pv c6d6 d4d6 e7e3 g1f1 e3f3 g5e7
thread 2 info score cp 0 depth 7 nodes 2539916 time 431 pv c6d6 d4d6 e7e3 g1f1 e3f3 g3f4 b6c4
thread 5 info score cp 0 depth 8 nodes 6540428 time 1114 pv c6d6 d4d6 e7e3 g1h1 e3e4 b1b2 d6d1 d4a4
thread 0 info score cp 0 depth 9 nodes 6544154 time 1114 pv c6d6 d4d6 e7e3 g1f1 e3f3 b3c4 e7c5 h6f4 h7g6
thread 6 info score cp 0 depth 10 nodes 24041417 time 4084 pv c6d6 d4d6 e7e3 g1f1 e3f3 f4e5 c4e5 h6f4 c4c1 g1g2
thread 2 info score cp 0 depth 11 nodes 62552813 time 10815 pv c6d6 d4d6 e7e3 g1f1 e3f3 f4e5 c4e5 b1c1 a6a2 d7a7 c5c4
bestmove c6d6
Main thread:thread 5 info score cp 1 depth 1 nodes 1015 time 1 pv c4e6
thread 1 info score cp 1 depth 2 nodes 3768 time 1 pv c4e6 c8c7
thread 0 info score cp 0 depth 3 nodes 23683 time 4 pv c4e6 c8b8 c4e6
thread 2 info score cp 0 depth 4 nodes 103152 time 17 pv d6d8 c8d8 e6d7 d8d7
thread 6 info score cp 1 depth 5 nodes 310475 time 51 pv c4e6 c8c7 d6d8 e8d8 c4e6
thread 0 info score cp 1 depth 6 nodes 835996 time 136 pv c4e6 c8c7 d6d8 e8d8 c4e6 a4d7
thread 5 info score cp 1 depth 7 nodes 3832660 time 629 pv c4e6 c8c7 d6d8 e8d8 c4e6 a4d7 a1a4
thread 6 info score cp 0 depth 8 nodes 6742883 time 1112 pv d6e6 e8e6 c4e6 c8c7 c4e6 a4d7 a1a4 h6g4
thread 1 info score cp 0 depth 9 nodes 22321059 time 3721 pv d6e6 c6e4 g1c5 e4g2 c5b6 g2h3 g1c5 h6g4 g3g7
thread 5 info score cp 0 depth 10 nodes 119162888 time 19784 pv d6e6 e8e6 c4e6 d8e8 f4g5 e8e4 d6d7 e8d8 c5d6 h6g4
thread 4 info score cp 0 depth 11 nodes 428285969 time 71290 pv d6e6 e8e6 c4e6 c8c7 c4e6 a4d7 e6d7 d8d7 a3g3 h6f5 c5d6
bestmove d6e6
Main thread:thread 2 info score cp -3 depth 1 nodes 1496 time 1 pv a8f8
thread 0 info score cp -2 depth 2 nodes 2533 time 1 pv c4d3 f4d3
thread 5 info score cp -2 depth 3 nodes 20965 time 4 pv c4d3 f4d3 a5c4
thread 1 info score cp -1 depth 4 nodes 85631 time 15 pv a8f8 d3c4 a5c4 f4d3
thread 4 info score cp -1 depth 5 nodes 254797 time 43 pv g6g5 d3c4 a5c4 f4d5 a5c4
thread 2 info score cp -1 depth 6 nodes 931489 time 160 pv g6g5 d3c4 a5c4 f4d5 a8f8 f1e2
thread 7 info score cp -2 depth 7 nodes 3275942 time 547 pv c5d4 c3d4 a5c4 f1e2 c4e3 c1f4 g5f4
thread 6 info score cp 1 depth 8 nodes 8688245 time 1450 pv g6g5 d3c4 a5c4 f4d3 c5c4 d3f2 g7e5 f4e6
thread 0 info score cp 1 depth 9 nodes 52569752 time 8751 pv g6g5 d3c4 g6g5 e5e6 f7f6 d3e4 h6e3 g6e7 c4d3
thread 1 info score cp 1 depth 10 nodes 124348839 time 20811 pv g6g5 d3c4 g6g5 e5e6 f7f8 a1d1 g5f4 c3c4 a8a7 f1e2
thread 1 info score cp 1 depth 11 nodes 567931714 time 94707 pv g6g5 d3c4 g6g5 e5e6 h6g5 d3g6 g5f4 d3g6 f7f4 d4c5 f7c4
bestmove g6g5
Main thread:thread 5 info score cp -30 depth 1 nodes 1386 time 0 pv c3c4
thread 1 info score cp -29 depth 2 nodes 7685 time 1 pv e3g5 f6d5
thread 0 info score cp -29 depth 3 nodes 30861 time 5 pv e3g5 f6d5 g1g7
thread 6 info score cp -24 depth 4 nodes 322238 time 54 pv e3g5 f6d5 c2e4 f6d5
thread 0 info score cp -24 depth 5 nodes 847125 time 142 pv e3g5 f6d5 c2g6 e7f6 g1g7
thread 5 info score cp -22 depth 6 nodes 5380483 time 909 pv e3g5 b5b4 g5f6 e7f6 c2e4 a5c4
thread 0 info score cp -20 depth 7 nodes 7262267 time 1227 pv e3g5 b7d5 c3c4 d5d2 g5d2 c5b4 c3b4
thread 0 info score cp -20 depth 8 nodes 47140040 time 8061 pv e3g5 b7d5 h6g5 b7b6 g1g7 g8h8 f1f2 f6e4
thread 5 info score cp -19 depth 9 nodes 60227516 time 10343 pv g1g7 g8g7 h6g5 b7d5 h6g7 g8f7 g5f6 g7f6 g5f6
thread 4 info score cp 9 depth 10 nodes 221572722 time 39847 pv g1g7 g8f8 g7f7 f8e8 c2g6 c7e7 c5d6 h8g7 d2g5 e4d2
thread 2 info score cp 11 depth 11 nodes 1945930747 time 340572 pv g1g7 g8f8 g1g7 g8h8 d2g5 f8g7 d5f3 d8f8 c3c4 b3d2 c2e4
bestmove g1g7
Main thread:thread 0 info score cp -4 depth 1 nodes 237752649 time 1 pv h3h5
thread 1 info score cp -5 depth 2 nodes 237754042 time 1 pv h3h5 e1d3
thread 1 info score cp -4 depth 3 nodes 237780471 time 5 pv h3h5 e2a6 e6e4
thread 1 info score cp -4 depth 4 nodes 148451 time 26 pv h3h5 e2a6 e6e4 g1g2
thread 6 info score cp -3 depth 5 nodes 875949 time 153 pv h3h5 e2a6 c8c7 d4b2 c6c5
thread 5 info score cp -2 depth 6 nodes 2494851 time 434 pv h3h5 g2e4 f5e4 g2e4 c6c5 d4c5
thread 4 info score cp 1 depth 8 nodes 4048815 time 708 pv h3h2 g1h2 e4g3 e2d1 e6h6 g2h3 g3e2 f2e2
thread 1 info score cp 2 depth 9 nodes 14163520 time 2470 pv h3h2 g1h2 e4g3 e2d1 e6h6 g2h3 h6h3 h2g2 c3e2
thread 3 info score cp 12 depth 10 nodes 118316729 time 20240 pv h3h2 g1h2 c3e2 g1f2 e2c1 g2h3 g4h3 g2h3 e2c1 a7b8
thread 3 info score cp 18 depth 11 nodes 322028317 time 59164 pv h3h2 g1h2 e4g3 e2b2 g3e2 d4e5 g3f1 f2f1 h6h2 e2f2 b8g3
bestmove h3h2
Main thread:thread 0 info score cp -21 depth 1 nodes 121016816 time 1 pv e6e7
thread 3 info score cp -21 depth 2 nodes 121018767 time 1 pv e6e7 b3c3
thread 6 info score cp -23 depth 3 nodes 40051936 time 5 pv e6e7 h1h2 g3f3
thread 6 info score cp -23 depth 4 nodes 73227 time 15 pv e6e7 h1h2 g3f3 a2a3
thread 0 info score cp -9 depth 7 nodes 590739 time 114 pv e6e4 b3b7 g3g1 h1g1 g4g1 e1e2 f5f4
thread 1 info score cp 0 depth 8 nodes 7394170 time 1405 pv e6e4 b3b7 f7f8 b7b8 g3e3 e1d2 f5c5 g2g8
thread 2 info score cp 0 depth 9 nodes 33773598 time 5942 pv e6e4 b3b7 f7g6 b7d7 f5d7 h1e4 f6f5 b3b7 h2h1q
thread 0 info score cp 0 depth 10 nodes 154863234 time 26648 pv e6e4 b3b7 f7g8 b7b8 g8f7 b8b7 e4g2 b7b8 e3e2 e3g3
thread 7 info score cp 37 depth 11 nodes 1924040574 time 329441 pv e6e4 b3b7 f7g8 h1g1 e4b1 e1e2 b1g1 b3e3 f4e3 b7d7 a7a5
bestmove e6e4
Main thread:thread 3 info score cp 7 depth 1 nodes 240880567 time 1 pv c2c4
thread 0 info score cp 6 depth 2 nodes 240890916 time 2 pv d5e3 f5e4
thread 4 info score cp 6 depth 3 nodes 92867 time 16 pv d5e3 f5e4 f2f4
thread 1 info score cp 4 depth 4 nodes 611938 time 103 pv d5e3 f5e4 f3f5 d6f5
thread 4 info score cp 2 depth 5 nodes 4306611 time 728 pv d4d1 f7d7 h6f4 f7d7 b2c3
thread 0 info score cp 2 depth 6 nodes 25646891 time 4424 pv h6d2 f5c2 d5e3 f5c5 d4d1 d6f5
thread 2 info score cp 2 depth 7 nodes 85379722 time 14854 pv d5f4 f5c2 g3f3 f5c2 h6c1 d6f5 a1a2
thread 7 info score cp 3 depth 8 nodes 376428976 time 66108 pv d5b4 a5b4 h6f4 f7d7 h6c1 d6f5 d4d2 a6f6
thread 4 info score cp 2 depth 9 nodes 1036002058 time 182335 pv h6d2 f5c2 g3f3 a6c6 g2h3 b7a6 g2f3 f7d7 d4b4
