ms1table
mask
reset masks and magics
rank file and diag masks
gen sliding attacks
attack bitmaps
evaluate masks
init hashtable with 2666666 entries
Main thread:thread 0 info score cp 8 depth 1 nodes 191 time 0 pv f1f2
thread 1 info score cp 6 depth 2 nodes 1949 time 1 pv f1f2 e5b2
thread 0 info score cp 8 depth 3 nodes 15123 time 6 pv f1f2 e5b2 f1d1
thread 3 info score cp 8 depth 4 nodes 87498 time 30 pv f1f2 a8a7 f2b2 a8a7
thread 5 info score cp 7 depth 5 nodes 416953 time 109 pv f1f2 f7g6 f1d1 e5b2 h1f1
thread 6 info score cp 7 depth 6 nodes 1424114 time 283 pv f1f2 e5g3 h3b3 e8d8 f3a3 e8c8
thread 7 info score cp 7 depth 7 nodes 5196710 time 859 pv f1f2 e5d4 f3g3 e5b2 g5h6 e4h1 f5g7
thread 6 info score cp 7 depth 8 nodes 23997067 time 3795 pv f1f2 b8b7 f5g7 b4b3 a1b2 g8f8 f1f7 b8f4
thread 5 info score cp 7 depth 9 nodes 93438848 time 14862 pv f1f2 b8b7 f5h6 b4a3 b2a3 a3b2 f1f7 e5b2 g5h6
thread 1 info score cp 12 depth 10 nodes 245363534 time 39446 pv f5g7 g8g7 g5g6 g8h8 f3e4 b8e5 f2b2 f7g6 g2f3 e7e4
thread 4 info score cp 7 depth 11 nodes 2506314013 time 424490 pv f1f2 b8b7 h5h6 b8c7 d4c6 a7b7 d1d4 g8f7 h1f1 e8e4 h1d1
thread 4 info score cp 12 depth 12 nodes 4328821268 time 736234 pv f5g7 e8e7 g7f5 e7d7 f5h6 g8g7 d1d6 f7f8 h1f1 g8f7 f1d1 e8e4
bestmove f5g7
Main thread:thread 6 info score cp -1 depth 1 nodes 553300029 time 0 pv d4b2
thread 0 info score cp -2 depth 2 nodes 553300922 time 0 pv d4b2 f7f5
thread 1 info score cp 0 depth 3 nodes 553303324 time 0 pv d4b2 f7f5 h1g1
thread 7 info score cp -2 depth 4 nodes 10080 time 1 pv d4b2 b6b5 a4a5 f7f5
thread 6 info score cp 0 depth 5 nodes 25359 time 3 pv d4c3 b6b5 a4a5 f5g4 f3g4
thread 3 info score cp -2 depth 6 nodes 58137 time 8 pv d4b2 b6b5 a4b5 a6b5 f4e5 a4a3
thread 7 info score cp -2 depth 7 nodes 171434 time 23 pv d4e3 b6b5 a4b5 f5g4 f4e5 g6g5 g5f6
thread 5 info score cp -2 depth 8 nodes 566025 time 78 pv d4b2 f7f5 h1g1 f7f6 f3f4 c7d6 e3g5 g8g7
thread 2 info score cp -1 depth 9 nodes 1720432 time 241 pv d4e3 f7f5 h1g1 b6b5 a4a5 c7d6 e3d2 a6b5 h1g1
thread 6 info score cp 0 depth 10 nodes 4873597 time 682 pv d4c3 b6b5 a4a5 c7b8 a4a5 b6a5 b4a5 g6g5 f1g1 g8g7
thread 5 info score cp -1 depth 11 nodes 13615304 time 1905 pv d4c3 b6b5 a4a5 b6b5 a4b5 a6b5 h1g2 d3d2 a6a7 g8g7 c8b8
thread 6 info score cp 0 depth 12 nodes 39925469 time 5736 pv d4c3 b6b5 a4a5 c7d6 c3d2 f7f5 c3d2 d3d2 a6a7 g8g7 c8b8 h4f6
bestmove d4c3
Main thread:thread 7 info score cp 0 depth 1 nodes 4919579 time 0 pv f3f4
thread 7 info score cp -1 depth 2 nodes 4922770 time 0 pv f3f4 h8g8
thread 3 info score cp -1 depth 3 nodes 32460 time 4 pv f3f4 h8g8 g5f7
thread 5 info score cp 0 depth 4 nodes 150930 time 22 pv f3f4 h8g8 g5f7 f8f7
thread 1 info score cp -1 depth 5 nodes 1219112 time 187 pv f3f4 c7b7 f3e4 h8g8 g5f7
thread 7 info score cp 0 depth 6 nodes 3125753 time 492 pv e5e1 h8g8 g5f7 f8f7 h4g5 f8d8
thread 2 info score cp 0 depth 7 nodes 20119537 time 3200 pv f3f4 h8g8 g5f7 f8f7 e6c7 f7f5 c7e6
thread 5 info score cp 0 depth 8 nodes 29902723 time 4771 pv h1g1 h8g8 g5f7 f8f7 h5e5 a5c4 f3f4 e5c4
thread 4 info score cp -2 depth 9 nodes 217788671 time 35044 pv f3f4 a5b7 g5f7 f8f7 e6c7 e5g6 h1g1 f8d8 g1f1
thread 2 info score cp -1 depth 10 nodes 705266624 time 113846 pv h1g1 a5b7 g5f7 f8f7 e6c7 e5c4 h1g1 c4e3 h5d5 c4e3
thread 5 info score cp 6 depth 11 nodes 2245186955 time 365342 pv e5e6 h8g8 e6h6 c7f7 g5f7 f7f8 a5e5 f7e7 h1g1 h8g8 b6d6
